[ 2015-07-27T07:30:12+08:00 ] 192.168.1.105 /index.php?s=/addon/Shop/Shop/myOrder.html
SQL: SHOW COLUMNS FROM `wp_member` [ RunTime:0.000758s ]
SQL: SELECT * FROM `wp_member` WHERE ( `uid` = 1 ) LIMIT 1   [ RunTime:0.000364s ]
NOTIC: [8] Undefined index: uid /www/weiphp/ThinkPHP/Library/Think/Controller.class.php 第 140 行.
SQL: SELECT * FROM `wp_member_public_link` WHERE ( uid=1 ) ORDER BY is_use desc  [ RunTime:0.000278s ]
SQL: SELECT * FROM `wp_member_public` WHERE ( `id` IN ('107') ) ORDER BY FIND_IN_SET(id,"107")  [ RunTime:0.000289s ]
SQL: SHOW COLUMNS FROM `wp_addons` [ RunTime:0.002747s ]
SQL: SELECT * FROM `wp_addons` WHERE ( `name` = 'Shop' ) LIMIT 1   [ RunTime:0.000378s ]
NOTIC: [8] Undefined index: query /www/weiphp/ThinkPHP/Common/functions.php 第 787 行.
NOTIC: [8] Undefined index: query /www/weiphp/ThinkPHP/Common/functions.php 第 787 行.
SQL: SHOW COLUMNS FROM `wp_tongji` [ RunTime:0.001097s ]
SQL: SELECT * FROM `wp_tongji` WHERE ( `token` = 'gh_b6ff5c2aaf62' ) AND ( `day` = 20150727 ) LIMIT 1   [ RunTime:0.000244s ]
SQL: INSERT INTO `wp_tongji` (`token`,`day`,`content`,`month`) VALUES ('gh_b6ff5c2aaf62',20150727,'a:1:{s:4:\"Shop\";i:1;}',201507) [ RunTime:0.000167s ]
INFO: [ action_begin ] --START--
INFO: [ action_begin ] --END-- [ RunTime:-0.021757s ]
SQL: SELECT `public_name` FROM `wp_member_public` WHERE ( `token` = 'gh_b6ff5c2aaf62' ) LIMIT 1   [ RunTime:0.001242s ]
SQL: SELECT * FROM `wp_member_public` WHERE ( `token` = 'gh_b6ff5c2aaf62' ) LIMIT 1   [ RunTime:0.000300s ]
SQL: SELECT `addon_status` FROM `wp_member_public_link` WHERE ( `uid` = 1 ) AND ( `mp_id` = 107 ) LIMIT 1   [ RunTime:0.000134s ]
NOTIC: [8] Undefined variable: addons /www/weiphp/Application/Common/Common/function.php 第 465 行.
NOTIC: [8] Undefined variable: addons /www/weiphp/Application/Common/Common/function.php 第 465 行.
NOTIC: [8] Undefined variable: addons /www/weiphp/Application/Common/Common/function.php 第 465 行.
NOTIC: [8] Undefined variable: addons /www/weiphp/Application/Common/Common/function.php 第 465 行.
NOTIC: [8] Undefined variable: addons /www/weiphp/Application/Common/Common/function.php 第 465 行.
NOTIC: [8] Undefined variable: addons /www/weiphp/Application/Common/Common/function.php 第 465 行.
NOTIC: [8] Undefined variable: addons /www/weiphp/Application/Common/Common/function.php 第 465 行.
SQL: SELECT `addon_config` FROM `wp_member_public` WHERE ( `token` = 'gh_b6ff5c2aaf62' ) LIMIT 1   [ RunTime:0.000134s ]
SQL: SHOW COLUMNS FROM `wp_picture` [ RunTime:0.000702s ]
SQL: SELECT * FROM `wp_picture` WHERE ( `status` = 1 ) AND ( `id` = 373 ) LIMIT 1   [ RunTime:0.000170s ]
NOTIC: [8] Undefined index: background /www/weiphp/Addons/Shop/Controller/BaseController.class.php 第 53 行.
NOTIC: [8] Undefined index: uid /www/weiphp/ThinkPHP/Library/Think/Controller.class.php 第 140 行.
SQL: SELECT * FROM `wp_member_public_link` WHERE ( uid=1 ) ORDER BY is_use desc  [ RunTime:0.000147s ]
SQL: SELECT * FROM `wp_member_public` WHERE ( `id` IN ('107') ) ORDER BY FIND_IN_SET(id,"107")  [ RunTime:0.000158s ]
NOTIC: [8] Undefined variable: openid /www/weiphp/Addons/Shop/Model/OrderModel.class.php 第 94 行.
SQL: SHOW COLUMNS FROM `wp_shop_user` [ RunTime:0.000926s ]
SQL: SELECT * FROM `wp_shop_user` WHERE ( `token` = 'gh_b6ff5c2aaf62' ) AND ( `openid` = -1 )  [ RunTime:0.000227s ]
SQL: SHOW COLUMNS FROM `wp_shop_order` [ RunTime:0.000756s ]
SQL: SELECT * FROM `wp_shop_order` WHERE ( `user_id` = 1 )  [ RunTime:0.000222s ]
INFO: [ view_begin ] --START--
INFO: [ view_begin ] --END-- [ RunTime:0.000016s ]
INFO: [ view_parse ] --START--
INFO: [ template_filter ] --START--
INFO: Run Behavior\ContentReplace [ RunTime:0.000089s ]
INFO: [ template_filter ] --END-- [ RunTime:0.000160s ]
NOTIC: [8] Undefined variable: footer_html /www/weiphp/Runtime/Cache/Home/305721a610f9940f7dae8d3a67a92c3f.php 第 67 行.
INFO: Run Behavior\ParseTemplate [ RunTime:0.008590s ]
INFO: [ view_parse ] --END-- [ RunTime:0.008629s ]
INFO: [ view_filter ] --START--
INFO: Run Behavior\WriteHtmlCache [ RunTime:0.000012s ]
INFO: [ view_filter ] --END-- [ RunTime:0.000039s ]
INFO: [ view_end ] --START--
INFO: [ view_end ] --END-- [ RunTime:0.000057s ]
INFO: [ app_end ] --START--
INFO: Run Behavior\ShowPageTrace [ RunTime:0.000057s ]
INFO: [ app_end ] --END-- [ RunTime:0.000117s ]

[ 2015-07-27T07:30:13+08:00 ] 192.168.1.105 /index.php?s=/addon/Shop/Shop/myOrder.html
SQL: SHOW COLUMNS FROM `wp_member` [ RunTime:0.001308s ]
SQL: SELECT * FROM `wp_member` WHERE ( `uid` = 1 ) LIMIT 1   [ RunTime:0.000283s ]
NOTIC: [8] Undefined index: uid /www/weiphp/ThinkPHP/Library/Think/Controller.class.php 第 140 行.
SQL: SELECT * FROM `wp_member_public_link` WHERE ( uid=1 ) ORDER BY is_use desc  [ RunTime:0.000178s ]
SQL: SELECT * FROM `wp_member_public` WHERE ( `id` IN ('107') ) ORDER BY FIND_IN_SET(id,"107")  [ RunTime:0.000180s ]
SQL: SHOW COLUMNS FROM `wp_addons` [ RunTime:0.000788s ]
SQL: SELECT * FROM `wp_addons` WHERE ( `name` = 'Shop' ) LIMIT 1   [ RunTime:0.000285s ]
NOTIC: [8] Undefined index: query /www/weiphp/ThinkPHP/Common/functions.php 第 787 行.
NOTIC: [8] Undefined index: query /www/weiphp/ThinkPHP/Common/functions.php 第 787 行.
SQL: SHOW COLUMNS FROM `wp_tongji` [ RunTime:0.001505s ]
SQL: SELECT * FROM `wp_tongji` WHERE ( `token` = 'gh_b6ff5c2aaf62' ) AND ( `day` = 20150727 ) LIMIT 1   [ RunTime:0.000305s ]
SQL: UPDATE `wp_tongji` SET `content`='a:1:{s:4:\"Shop\";i:2;}' WHERE ( `token` = 'gh_b6ff5c2aaf62' ) AND ( `day` = 20150727 ) [ RunTime:0.000283s ]
INFO: [ action_begin ] --START--
INFO: [ action_begin ] --END-- [ RunTime:-0.025047s ]
SQL: SELECT `public_name` FROM `wp_member_public` WHERE ( `token` = 'gh_b6ff5c2aaf62' ) LIMIT 1   [ RunTime:0.000368s ]
SQL: SELECT * FROM `wp_member_public` WHERE ( `token` = 'gh_b6ff5c2aaf62' ) LIMIT 1   [ RunTime:0.000293s ]
SQL: SELECT `addon_status` FROM `wp_member_public_link` WHERE ( `uid` = 1 ) AND ( `mp_id` = 107 ) LIMIT 1   [ RunTime:0.000169s ]
NOTIC: [8] Undefined variable: addons /www/weiphp/Application/Common/Common/function.php 第 465 行.
NOTIC: [8] Undefined variable: addons /www/weiphp/Application/Common/Common/function.php 第 465 行.
NOTIC: [8] Undefined variable: addons /www/weiphp/Application/Common/Common/function.php 第 465 行.
NOTIC: [8] Undefined variable: addons /www/weiphp/Application/Common/Common/function.php 第 465 行.
NOTIC: [8] Undefined variable: addons /www/weiphp/Application/Common/Common/function.php 第 465 行.
NOTIC: [8] Undefined variable: addons /www/weiphp/Application/Common/Common/function.php 第 465 行.
NOTIC: [8] Undefined variable: addons /www/weiphp/Application/Common/Common/function.php 第 465 行.
SQL: SELECT `addon_config` FROM `wp_member_public` WHERE ( `token` = 'gh_b6ff5c2aaf62' ) LIMIT 1   [ RunTime:0.000228s ]
SQL: SHOW COLUMNS FROM `wp_picture` [ RunTime:0.000939s ]
SQL: SELECT * FROM `wp_picture` WHERE ( `status` = 1 ) AND ( `id` = 373 ) LIMIT 1   [ RunTime:0.000319s ]
NOTIC: [8] Undefined index: background /www/weiphp/Addons/Shop/Controller/BaseController.class.php 第 53 行.
NOTIC: [8] Undefined index: uid /www/weiphp/ThinkPHP/Library/Think/Controller.class.php 第 140 行.
SQL: SELECT * FROM `wp_member_public_link` WHERE ( uid=1 ) ORDER BY is_use desc  [ RunTime:0.000285s ]
SQL: SELECT * FROM `wp_member_public` WHERE ( `id` IN ('107') ) ORDER BY FIND_IN_SET(id,"107")  [ RunTime:0.000282s ]
NOTIC: [8] Undefined variable: openid /www/weiphp/Addons/Shop/Model/OrderModel.class.php 第 94 行.
SQL: SHOW COLUMNS FROM `wp_shop_user` [ RunTime:0.001158s ]
SQL: SELECT * FROM `wp_shop_user` WHERE ( `token` = 'gh_b6ff5c2aaf62' ) AND ( `openid` = -1 )  [ RunTime:0.000352s ]
SQL: SHOW COLUMNS FROM `wp_shop_order` [ RunTime:0.003220s ]
SQL: SELECT * FROM `wp_shop_order` WHERE ( `user_id` = 1 )  [ RunTime:0.000382s ]
INFO: [ view_begin ] --START--
INFO: [ view_begin ] --END-- [ RunTime:0.000026s ]
INFO: [ view_parse ] --START--
INFO: [ template_filter ] --START--
INFO: Run Behavior\ContentReplace [ RunTime:0.000096s ]
INFO: [ template_filter ] --END-- [ RunTime:0.000175s ]
NOTIC: [8] Undefined variable: footer_html /www/weiphp/Runtime/Cache/Home/305721a610f9940f7dae8d3a67a92c3f.php 第 67 行.
INFO: Run Behavior\ParseTemplate [ RunTime:0.013185s ]
INFO: [ view_parse ] --END-- [ RunTime:0.013310s ]
INFO: [ view_filter ] --START--
INFO: Run Behavior\WriteHtmlCache [ RunTime:0.000018s ]
INFO: [ view_filter ] --END-- [ RunTime:0.000070s ]
INFO: [ view_end ] --START--
INFO: [ view_end ] --END-- [ RunTime:0.000056s ]
INFO: [ app_end ] --START--
INFO: Run Behavior\ShowPageTrace [ RunTime:0.000051s ]
INFO: [ app_end ] --END-- [ RunTime:0.000105s ]

[ 2015-07-27T07:30:13+08:00 ] 192.168.1.105 /index.php?s=/addon/Shop/Shop/myOrder.html
SQL: SHOW COLUMNS FROM `wp_member` [ RunTime:0.000981s ]
SQL: SELECT * FROM `wp_member` WHERE ( `uid` = 1 ) LIMIT 1   [ RunTime:0.000266s ]
NOTIC: [8] Undefined index: uid /www/weiphp/ThinkPHP/Library/Think/Controller.class.php 第 140 行.
SQL: SELECT * FROM `wp_member_public_link` WHERE ( uid=1 ) ORDER BY is_use desc  [ RunTime:0.000168s ]
SQL: SELECT * FROM `wp_member_public` WHERE ( `id` IN ('107') ) ORDER BY FIND_IN_SET(id,"107")  [ RunTime:0.000260s ]
SQL: SHOW COLUMNS FROM `wp_addons` [ RunTime:0.000797s ]
SQL: SELECT * FROM `wp_addons` WHERE ( `name` = 'Shop' ) LIMIT 1   [ RunTime:0.000223s ]
NOTIC: [8] Undefined index: query /www/weiphp/ThinkPHP/Common/functions.php 第 787 行.
NOTIC: [8] Undefined index: query /www/weiphp/ThinkPHP/Common/functions.php 第 787 行.
SQL: SHOW COLUMNS FROM `wp_tongji` [ RunTime:0.000961s ]
SQL: SELECT * FROM `wp_tongji` WHERE ( `token` = 'gh_b6ff5c2aaf62' ) AND ( `day` = 20150727 ) LIMIT 1   [ RunTime:0.000348s ]
SQL: UPDATE `wp_tongji` SET `content`='a:1:{s:4:\"Shop\";i:3;}' WHERE ( `token` = 'gh_b6ff5c2aaf62' ) AND ( `day` = 20150727 ) [ RunTime:0.000225s ]
INFO: [ action_begin ] --START--
INFO: [ action_begin ] --END-- [ RunTime:-0.025541s ]
SQL: SELECT `public_name` FROM `wp_member_public` WHERE ( `token` = 'gh_b6ff5c2aaf62' ) LIMIT 1   [ RunTime:0.000388s ]
SQL: SELECT * FROM `wp_member_public` WHERE ( `token` = 'gh_b6ff5c2aaf62' ) LIMIT 1   [ RunTime:0.000177s ]
SQL: SELECT `addon_status` FROM `wp_member_public_link` WHERE ( `uid` = 1 ) AND ( `mp_id` = 107 ) LIMIT 1   [ RunTime:0.000224s ]
NOTIC: [8] Undefined variable: addons /www/weiphp/Application/Common/Common/function.php 第 465 行.
NOTIC: [8] Undefined variable: addons /www/weiphp/Application/Common/Common/function.php 第 465 行.
NOTIC: [8] Undefined variable: addons /www/weiphp/Application/Common/Common/function.php 第 465 行.
NOTIC: [8] Undefined variable: addons /www/weiphp/Application/Common/Common/function.php 第 465 行.
NOTIC: [8] Undefined variable: addons /www/weiphp/Application/Common/Common/function.php 第 465 行.
NOTIC: [8] Undefined variable: addons /www/weiphp/Application/Common/Common/function.php 第 465 行.
NOTIC: [8] Undefined variable: addons /www/weiphp/Application/Common/Common/function.php 第 465 行.
SQL: SELECT `addon_config` FROM `wp_member_public` WHERE ( `token` = 'gh_b6ff5c2aaf62' ) LIMIT 1   [ RunTime:0.000243s ]
SQL: SHOW COLUMNS FROM `wp_picture` [ RunTime:0.001604s ]
SQL: SELECT * FROM `wp_picture` WHERE ( `status` = 1 ) AND ( `id` = 373 ) LIMIT 1   [ RunTime:0.000416s ]
NOTIC: [8] Undefined index: background /www/weiphp/Addons/Shop/Controller/BaseController.class.php 第 53 行.
NOTIC: [8] Undefined index: uid /www/weiphp/ThinkPHP/Library/Think/Controller.class.php 第 140 行.
SQL: SELECT * FROM `wp_member_public_link` WHERE ( uid=1 ) ORDER BY is_use desc  [ RunTime:0.000311s ]
SQL: SELECT * FROM `wp_member_public` WHERE ( `id` IN ('107') ) ORDER BY FIND_IN_SET(id,"107")  [ RunTime:0.000386s ]
NOTIC: [8] Undefined variable: openid /www/weiphp/Addons/Shop/Model/OrderModel.class.php 第 94 行.
SQL: SHOW COLUMNS FROM `wp_shop_user` [ RunTime:0.000744s ]
SQL: SELECT * FROM `wp_shop_user` WHERE ( `token` = 'gh_b6ff5c2aaf62' ) AND ( `openid` = -1 )  [ RunTime:0.000223s ]
SQL: SHOW COLUMNS FROM `wp_shop_order` [ RunTime:0.000712s ]
SQL: SELECT * FROM `wp_shop_order` WHERE ( `user_id` = 1 )  [ RunTime:0.000178s ]
INFO: [ view_begin ] --START--
INFO: [ view_begin ] --END-- [ RunTime:0.000016s ]
INFO: [ view_parse ] --START--
INFO: [ template_filter ] --START--
INFO: Run Behavior\ContentReplace [ RunTime:0.000064s ]
INFO: [ template_filter ] --END-- [ RunTime:0.000115s ]
NOTIC: [8] Undefined variable: footer_html /www/weiphp/Runtime/Cache/Home/305721a610f9940f7dae8d3a67a92c3f.php 第 67 行.
INFO: Run Behavior\ParseTemplate [ RunTime:0.008598s ]
INFO: [ view_parse ] --END-- [ RunTime:0.008714s ]
INFO: [ view_filter ] --START--
INFO: Run Behavior\WriteHtmlCache [ RunTime:0.000019s ]
INFO: [ view_filter ] --END-- [ RunTime:0.000075s ]
INFO: [ view_end ] --START--
INFO: [ view_end ] --END-- [ RunTime:0.000057s ]
INFO: [ app_end ] --START--
INFO: Run Behavior\ShowPageTrace [ RunTime:0.000057s ]
INFO: [ app_end ] --END-- [ RunTime:0.000115s ]

[ 2015-07-27T07:51:16+08:00 ] 192.168.1.105 /index.php?s=/addon/Shop/Shop/orderShow.html
SQL: SHOW COLUMNS FROM `wp_member` [ RunTime:0.000953s ]
SQL: SELECT * FROM `wp_member` WHERE ( `uid` = 1 ) LIMIT 1   [ RunTime:0.000316s ]
NOTIC: [8] Undefined index: uid /www/weiphp/ThinkPHP/Library/Think/Controller.class.php 第 140 行.
SQL: SELECT * FROM `wp_member_public_link` WHERE ( uid=1 ) ORDER BY is_use desc  [ RunTime:0.000202s ]
SQL: SELECT * FROM `wp_member_public` WHERE ( `id` IN ('107') ) ORDER BY FIND_IN_SET(id,"107")  [ RunTime:0.000266s ]
SQL: SHOW COLUMNS FROM `wp_addons` [ RunTime:0.001011s ]
SQL: SELECT * FROM `wp_addons` WHERE ( `name` = 'Shop' ) LIMIT 1   [ RunTime:0.000193s ]
NOTIC: [8] Undefined index: query /www/weiphp/ThinkPHP/Common/functions.php 第 787 行.
NOTIC: [8] Undefined index: query /www/weiphp/ThinkPHP/Common/functions.php 第 787 行.
SQL: SHOW COLUMNS FROM `wp_tongji` [ RunTime:0.000562s ]
SQL: SELECT * FROM `wp_tongji` WHERE ( `token` = 'gh_b6ff5c2aaf62' ) AND ( `day` = 20150727 ) LIMIT 1   [ RunTime:0.000168s ]
SQL: UPDATE `wp_tongji` SET `content`='a:1:{s:4:\"Shop\";i:4;}' WHERE ( `token` = 'gh_b6ff5c2aaf62' ) AND ( `day` = 20150727 ) [ RunTime:0.000226s ]
INFO: [ action_begin ] --START--
INFO: [ action_begin ] --END-- [ RunTime:-0.018653s ]
SQL: SELECT `public_name` FROM `wp_member_public` WHERE ( `token` = 'gh_b6ff5c2aaf62' ) LIMIT 1   [ RunTime:0.000153s ]
SQL: SELECT * FROM `wp_member_public` WHERE ( `token` = 'gh_b6ff5c2aaf62' ) LIMIT 1   [ RunTime:0.000137s ]
SQL: SELECT `addon_status` FROM `wp_member_public_link` WHERE ( `uid` = 1 ) AND ( `mp_id` = 107 ) LIMIT 1   [ RunTime:0.000126s ]
NOTIC: [8] Undefined variable: addons /www/weiphp/Application/Common/Common/function.php 第 465 行.
NOTIC: [8] Undefined variable: addons /www/weiphp/Application/Common/Common/function.php 第 465 行.
NOTIC: [8] Undefined variable: addons /www/weiphp/Application/Common/Common/function.php 第 465 行.
NOTIC: [8] Undefined variable: addons /www/weiphp/Application/Common/Common/function.php 第 465 行.
NOTIC: [8] Undefined variable: addons /www/weiphp/Application/Common/Common/function.php 第 465 行.
NOTIC: [8] Undefined variable: addons /www/weiphp/Application/Common/Common/function.php 第 465 行.
NOTIC: [8] Undefined variable: addons /www/weiphp/Application/Common/Common/function.php 第 465 行.
SQL: SELECT `addon_config` FROM `wp_member_public` WHERE ( `token` = 'gh_b6ff5c2aaf62' ) LIMIT 1   [ RunTime:0.000126s ]
SQL: SHOW COLUMNS FROM `wp_picture` [ RunTime:0.000603s ]
SQL: SELECT * FROM `wp_picture` WHERE ( `status` = 1 ) AND ( `id` = 373 ) LIMIT 1   [ RunTime:0.000152s ]
NOTIC: [8] Undefined index: background /www/weiphp/Addons/Shop/Controller/BaseController.class.php 第 53 行.
NOTIC: [8] Undefined index: uid /www/weiphp/ThinkPHP/Library/Think/Controller.class.php 第 140 行.
SQL: SELECT * FROM `wp_member_public_link` WHERE ( uid=1 ) ORDER BY is_use desc  [ RunTime:0.000142s ]
SQL: SELECT * FROM `wp_member_public` WHERE ( `id` IN ('107') ) ORDER BY FIND_IN_SET(id,"107")  [ RunTime:0.000156s ]
SQL: SHOW COLUMNS FROM `wp_shop_product` [ RunTime:0.000688s ]
SQL: SHOW COLUMNS FROM `wp_shop_product` [ RunTime:0.000882s ]
SQL: SELECT * FROM `wp_shop_product` WHERE ( `id` = 25 ) AND ( `token` = 'gh_b6ff5c2aaf62' )  [ RunTime:0.000218s ]
SQL: SELECT * FROM `wp_picture` WHERE ( `status` = 1 ) AND ( `id` = 372 ) LIMIT 1   [ RunTime:0.000143s ]
INFO: [ view_begin ] --START--
INFO: [ view_begin ] --END-- [ RunTime:0.000015s ]
INFO: [ view_parse ] --START--
INFO: [ template_filter ] --START--
INFO: Run Behavior\ContentReplace [ RunTime:0.000102s ]
INFO: [ template_filter ] --END-- [ RunTime:0.000199s ]
NOTIC: [8] Undefined variable: footer_html /www/weiphp/Runtime/Cache/Home/2aa3878b0a8295ffa6db12efece69e12.php 第 73 行.
INFO: Run Behavior\ParseTemplate [ RunTime:0.008948s ]
INFO: [ view_parse ] --END-- [ RunTime:0.009042s ]
INFO: [ view_filter ] --START--
INFO: Run Behavior\WriteHtmlCache [ RunTime:0.000012s ]
INFO: [ view_filter ] --END-- [ RunTime:0.000040s ]
INFO: [ view_end ] --START--
INFO: [ view_end ] --END-- [ RunTime:0.000011s ]
INFO: [ app_end ] --START--
INFO: Run Behavior\ShowPageTrace [ RunTime:0.000027s ]
INFO: [ app_end ] --END-- [ RunTime:0.000055s ]

[ 2015-07-27T07:56:21+08:00 ] 192.168.1.105 /index.php?s=/Admin/Public/login.html
NOTIC: [8] Undefined index: uid /www/weiphp/ThinkPHP/Library/Think/Controller.class.php 第 135 行.
NOTIC: [8192] mysql_connect(): The mysql extension is deprecated and will be removed in the future: use mysqli or PDO instead /www/weiphp/ThinkPHP/Library/Think/Db/Driver/Mysql.class.php 第 52 行.
SQL: SHOW COLUMNS FROM `wp_member` [ RunTime:0.000784s ]
SQL: SELECT * FROM `wp_member` WHERE ( `uid` = 0 ) LIMIT 1   [ RunTime:0.000169s ]
NOTIC: [8] Undefined index: uid /www/weiphp/ThinkPHP/Library/Think/Controller.class.php 第 140 行.
INFO: [ view_begin ] --START--
INFO: [ view_begin ] --END-- [ RunTime:0.000016s ]
INFO: [ view_parse ] --START--
INFO: [ template_filter ] --START--
INFO: Run Behavior\ContentReplace [ RunTime:0.000053s ]
INFO: [ template_filter ] --END-- [ RunTime:0.000097s ]
INFO: Run Behavior\ParseTemplate [ RunTime:0.004552s ]
INFO: [ view_parse ] --END-- [ RunTime:0.004588s ]
INFO: [ view_filter ] --START--
INFO: Run Behavior\WriteHtmlCache [ RunTime:0.000009s ]
INFO: [ view_filter ] --END-- [ RunTime:0.000035s ]
INFO: [ view_end ] --START--
INFO: [ view_end ] --END-- [ RunTime:0.000013s ]
INFO: [ app_end ] --START--
INFO: Run Behavior\ShowPageTrace [ RunTime:0.000075s ]
INFO: [ app_end ] --END-- [ RunTime:0.000118s ]

[ 2015-07-27T07:56:37+08:00 ] 192.168.1.105 /index.php?s=/addon/Shop/Shop/notify.html
SQL: SHOW COLUMNS FROM `wp_member` [ RunTime:0.000667s ]
SQL: SELECT * FROM `wp_member` WHERE ( `uid` = 1 ) LIMIT 1   [ RunTime:0.000161s ]
NOTIC: [8] Undefined index: uid /www/weiphp/ThinkPHP/Library/Think/Controller.class.php 第 140 行.
SQL: SELECT * FROM `wp_member_public_link` WHERE ( uid=1 ) ORDER BY is_use desc  [ RunTime:0.000121s ]
SQL: SELECT * FROM `wp_member_public` WHERE ( `id` IN ('107') ) ORDER BY FIND_IN_SET(id,"107")  [ RunTime:0.000152s ]
SQL: SHOW COLUMNS FROM `wp_addons` [ RunTime:0.000558s ]
SQL: SELECT * FROM `wp_addons` WHERE ( `name` = 'Shop' ) LIMIT 1   [ RunTime:0.000160s ]
NOTIC: [8] Undefined index: query /www/weiphp/ThinkPHP/Common/functions.php 第 787 行.
NOTIC: [8] Undefined index: query /www/weiphp/ThinkPHP/Common/functions.php 第 787 行.
SQL: SHOW COLUMNS FROM `wp_tongji` [ RunTime:0.000620s ]
SQL: SELECT * FROM `wp_tongji` WHERE ( `token` = 'gh_b6ff5c2aaf62' ) AND ( `day` = 20150727 ) LIMIT 1   [ RunTime:0.000235s ]
SQL: UPDATE `wp_tongji` SET `content`='a:1:{s:4:\"Shop\";i:5;}' WHERE ( `token` = 'gh_b6ff5c2aaf62' ) AND ( `day` = 20150727 ) [ RunTime:0.000325s ]
INFO: [ action_begin ] --START--
INFO: [ action_begin ] --END-- [ RunTime:-0.015863s ]
SQL: SELECT `public_name` FROM `wp_member_public` WHERE ( `token` = 'gh_b6ff5c2aaf62' ) LIMIT 1   [ RunTime:0.000329s ]
SQL: SELECT * FROM `wp_member_public` WHERE ( `token` = 'gh_b6ff5c2aaf62' ) LIMIT 1   [ RunTime:0.000164s ]
SQL: SELECT `addon_status` FROM `wp_member_public_link` WHERE ( `uid` = 1 ) AND ( `mp_id` = 107 ) LIMIT 1   [ RunTime:0.000141s ]
NOTIC: [8] Undefined variable: addons /www/weiphp/Application/Common/Common/function.php 第 465 行.
NOTIC: [8] Undefined variable: addons /www/weiphp/Application/Common/Common/function.php 第 465 行.
NOTIC: [8] Undefined variable: addons /www/weiphp/Application/Common/Common/function.php 第 465 行.
NOTIC: [8] Undefined variable: addons /www/weiphp/Application/Common/Common/function.php 第 465 行.
NOTIC: [8] Undefined variable: addons /www/weiphp/Application/Common/Common/function.php 第 465 行.
NOTIC: [8] Undefined variable: addons /www/weiphp/Application/Common/Common/function.php 第 465 行.
NOTIC: [8] Undefined variable: addons /www/weiphp/Application/Common/Common/function.php 第 465 行.
SQL: SELECT `addon_config` FROM `wp_member_public` WHERE ( `token` = 'gh_b6ff5c2aaf62' ) LIMIT 1   [ RunTime:0.000131s ]
SQL: SHOW COLUMNS FROM `wp_picture` [ RunTime:0.000722s ]
SQL: SELECT * FROM `wp_picture` WHERE ( `status` = 1 ) AND ( `id` = 373 ) LIMIT 1   [ RunTime:0.000153s ]
NOTIC: [8] Undefined index: background /www/weiphp/Addons/Shop/Controller/BaseController.class.php 第 53 行.
NOTIC: [8] Undefined index: uid /www/weiphp/ThinkPHP/Library/Think/Controller.class.php 第 140 行.
SQL: SELECT * FROM `wp_member_public_link` WHERE ( uid=1 ) ORDER BY is_use desc  [ RunTime:0.000165s ]
SQL: SELECT * FROM `wp_member_public` WHERE ( `id` IN ('107') ) ORDER BY FIND_IN_SET(id,"107")  [ RunTime:0.000196s ]
NOTIC: [8] Undefined index: id /www/weiphp/Addons/Shop/Controller/ShopController.class.php 第 331 行.
SQL: SHOW COLUMNS FROM `wp_shop_order` [ RunTime:0.000849s ]
SQL: SELECT * FROM `wp_shop_order` WHERE ( `id` = 4 ) LIMIT 1   [ RunTime:0.000379s ]
NOTIC: [2] Attempt to assign property of non-object /www/weiphp/Addons/Shop/Controller/ShopController.class.php 第 337 行.

[ 2015-07-27T07:57:50+08:00 ] 192.168.1.105 /index.php?s=/addon/Shop/Shop/notify.html
SQL: SHOW COLUMNS FROM `wp_member` [ RunTime:0.000874s ]
SQL: SELECT * FROM `wp_member` WHERE ( `uid` = 1 ) LIMIT 1   [ RunTime:0.000283s ]
NOTIC: [8] Undefined index: uid /www/weiphp/ThinkPHP/Library/Think/Controller.class.php 第 140 行.
SQL: SELECT * FROM `wp_member_public_link` WHERE ( uid=1 ) ORDER BY is_use desc  [ RunTime:0.000514s ]
SQL: SELECT * FROM `wp_member_public` WHERE ( `id` IN ('107') ) ORDER BY FIND_IN_SET(id,"107")  [ RunTime:0.000365s ]
SQL: SHOW COLUMNS FROM `wp_addons` [ RunTime:0.000840s ]
SQL: SELECT * FROM `wp_addons` WHERE ( `name` = 'Shop' ) LIMIT 1   [ RunTime:0.000393s ]
NOTIC: [8] Undefined index: query /www/weiphp/ThinkPHP/Common/functions.php 第 787 行.
NOTIC: [8] Undefined index: query /www/weiphp/ThinkPHP/Common/functions.php 第 787 行.
SQL: SHOW COLUMNS FROM `wp_tongji` [ RunTime:0.001242s ]
SQL: SELECT * FROM `wp_tongji` WHERE ( `token` = 'gh_b6ff5c2aaf62' ) AND ( `day` = 20150727 ) LIMIT 1   [ RunTime:0.000241s ]
SQL: UPDATE `wp_tongji` SET `content`='a:1:{s:4:\"Shop\";i:6;}' WHERE ( `token` = 'gh_b6ff5c2aaf62' ) AND ( `day` = 20150727 ) [ RunTime:0.000183s ]
INFO: [ action_begin ] --START--
INFO: [ action_begin ] --END-- [ RunTime:-0.021364s ]
SQL: SELECT `public_name` FROM `wp_member_public` WHERE ( `token` = 'gh_b6ff5c2aaf62' ) LIMIT 1   [ RunTime:0.000310s ]
SQL: SELECT * FROM `wp_member_public` WHERE ( `token` = 'gh_b6ff5c2aaf62' ) LIMIT 1   [ RunTime:0.000150s ]
SQL: SELECT `addon_status` FROM `wp_member_public_link` WHERE ( `uid` = 1 ) AND ( `mp_id` = 107 ) LIMIT 1   [ RunTime:0.000136s ]
NOTIC: [8] Undefined variable: addons /www/weiphp/Application/Common/Common/function.php 第 465 行.
NOTIC: [8] Undefined variable: addons /www/weiphp/Application/Common/Common/function.php 第 465 行.
NOTIC: [8] Undefined variable: addons /www/weiphp/Application/Common/Common/function.php 第 465 行.
NOTIC: [8] Undefined variable: addons /www/weiphp/Application/Common/Common/function.php 第 465 行.
NOTIC: [8] Undefined variable: addons /www/weiphp/Application/Common/Common/function.php 第 465 行.
NOTIC: [8] Undefined variable: addons /www/weiphp/Application/Common/Common/function.php 第 465 行.
NOTIC: [8] Undefined variable: addons /www/weiphp/Application/Common/Common/function.php 第 465 行.
SQL: SELECT `addon_config` FROM `wp_member_public` WHERE ( `token` = 'gh_b6ff5c2aaf62' ) LIMIT 1   [ RunTime:0.000271s ]
SQL: SHOW COLUMNS FROM `wp_picture` [ RunTime:0.000724s ]
SQL: SELECT * FROM `wp_picture` WHERE ( `status` = 1 ) AND ( `id` = 373 ) LIMIT 1   [ RunTime:0.000180s ]
NOTIC: [8] Undefined index: background /www/weiphp/Addons/Shop/Controller/BaseController.class.php 第 53 行.
NOTIC: [8] Undefined index: uid /www/weiphp/ThinkPHP/Library/Think/Controller.class.php 第 140 行.
SQL: SELECT * FROM `wp_member_public_link` WHERE ( uid=1 ) ORDER BY is_use desc  [ RunTime:0.000230s ]
SQL: SELECT * FROM `wp_member_public` WHERE ( `id` IN ('107') ) ORDER BY FIND_IN_SET(id,"107")  [ RunTime:0.000172s ]
NOTIC: [8] Undefined index: id /www/weiphp/Addons/Shop/Controller/ShopController.class.php 第 331 行.
SQL: SHOW COLUMNS FROM `wp_shop_order` [ RunTime:0.000691s ]
SQL: SELECT * FROM `wp_shop_order` WHERE ( `id` = 4 ) LIMIT 1   [ RunTime:0.000182s ]
NOTIC: [2] Attempt to assign property of non-object /www/weiphp/Addons/Shop/Controller/ShopController.class.php 第 337 行.

[ 2015-07-27T07:58:56+08:00 ] 192.168.1.105 /index.php?s=/addon/Shop/Shop/notify.html
SQL: SHOW COLUMNS FROM `wp_member` [ RunTime:0.000887s ]
SQL: SELECT * FROM `wp_member` WHERE ( `uid` = 1 ) LIMIT 1   [ RunTime:0.000387s ]
NOTIC: [8] Undefined index: uid /www/weiphp/ThinkPHP/Library/Think/Controller.class.php 第 140 行.
SQL: SELECT * FROM `wp_member_public_link` WHERE ( uid=1 ) ORDER BY is_use desc  [ RunTime:0.000429s ]
SQL: SELECT * FROM `wp_member_public` WHERE ( `id` IN ('107') ) ORDER BY FIND_IN_SET(id,"107")  [ RunTime:0.000258s ]
SQL: SHOW COLUMNS FROM `wp_addons` [ RunTime:0.001353s ]
SQL: SELECT * FROM `wp_addons` WHERE ( `name` = 'Shop' ) LIMIT 1   [ RunTime:0.000227s ]
NOTIC: [8] Undefined index: query /www/weiphp/ThinkPHP/Common/functions.php 第 787 行.
NOTIC: [8] Undefined index: query /www/weiphp/ThinkPHP/Common/functions.php 第 787 行.
SQL: SHOW COLUMNS FROM `wp_tongji` [ RunTime:0.000602s ]
SQL: SELECT * FROM `wp_tongji` WHERE ( `token` = 'gh_b6ff5c2aaf62' ) AND ( `day` = 20150727 ) LIMIT 1   [ RunTime:0.000174s ]
SQL: UPDATE `wp_tongji` SET `content`='a:1:{s:4:\"Shop\";i:7;}' WHERE ( `token` = 'gh_b6ff5c2aaf62' ) AND ( `day` = 20150727 ) [ RunTime:0.000180s ]
INFO: [ action_begin ] --START--
INFO: [ action_begin ] --END-- [ RunTime:-0.025113s ]
SQL: SELECT `public_name` FROM `wp_member_public` WHERE ( `token` = 'gh_b6ff5c2aaf62' ) LIMIT 1   [ RunTime:0.000226s ]
SQL: SELECT * FROM `wp_member_public` WHERE ( `token` = 'gh_b6ff5c2aaf62' ) LIMIT 1   [ RunTime:0.000142s ]
SQL: SELECT `addon_status` FROM `wp_member_public_link` WHERE ( `uid` = 1 ) AND ( `mp_id` = 107 ) LIMIT 1   [ RunTime:0.000131s ]
NOTIC: [8] Undefined variable: addons /www/weiphp/Application/Common/Common/function.php 第 465 行.
NOTIC: [8] Undefined variable: addons /www/weiphp/Application/Common/Common/function.php 第 465 行.
NOTIC: [8] Undefined variable: addons /www/weiphp/Application/Common/Common/function.php 第 465 行.
NOTIC: [8] Undefined variable: addons /www/weiphp/Application/Common/Common/function.php 第 465 行.
NOTIC: [8] Undefined variable: addons /www/weiphp/Application/Common/Common/function.php 第 465 行.
NOTIC: [8] Undefined variable: addons /www/weiphp/Application/Common/Common/function.php 第 465 行.
NOTIC: [8] Undefined variable: addons /www/weiphp/Application/Common/Common/function.php 第 465 行.
SQL: SELECT `addon_config` FROM `wp_member_public` WHERE ( `token` = 'gh_b6ff5c2aaf62' ) LIMIT 1   [ RunTime:0.000124s ]
SQL: SHOW COLUMNS FROM `wp_picture` [ RunTime:0.001010s ]
SQL: SELECT * FROM `wp_picture` WHERE ( `status` = 1 ) AND ( `id` = 373 ) LIMIT 1   [ RunTime:0.000256s ]
NOTIC: [8] Undefined index: background /www/weiphp/Addons/Shop/Controller/BaseController.class.php 第 53 行.
NOTIC: [8] Undefined index: uid /www/weiphp/ThinkPHP/Library/Think/Controller.class.php 第 140 行.
SQL: SELECT * FROM `wp_member_public_link` WHERE ( uid=1 ) ORDER BY is_use desc  [ RunTime:0.000228s ]
SQL: SELECT * FROM `wp_member_public` WHERE ( `id` IN ('107') ) ORDER BY FIND_IN_SET(id,"107")  [ RunTime:0.000224s ]
NOTIC: [8] Undefined index: id /www/weiphp/Addons/Shop/Controller/ShopController.class.php 第 331 行.
SQL: SHOW COLUMNS FROM `wp_shop_order` [ RunTime:0.000797s ]
SQL: SELECT * FROM `wp_shop_order` WHERE ( `id` = 4 ) LIMIT 1   [ RunTime:0.000165s ]
NOTIC: [2] Attempt to assign property of non-object /www/weiphp/Addons/Shop/Controller/ShopController.class.php 第 338 行.

[ 2015-07-27T07:59:02+08:00 ] 192.168.1.105 /index.php?s=/addon/Shop/Shop/notify.html
SQL: SHOW COLUMNS FROM `wp_member` [ RunTime:0.001363s ]
SQL: SELECT * FROM `wp_member` WHERE ( `uid` = 1 ) LIMIT 1   [ RunTime:0.000305s ]
NOTIC: [8] Undefined index: uid /www/weiphp/ThinkPHP/Library/Think/Controller.class.php 第 140 行.
SQL: SELECT * FROM `wp_member_public_link` WHERE ( uid=1 ) ORDER BY is_use desc  [ RunTime:0.000190s ]
SQL: SELECT * FROM `wp_member_public` WHERE ( `id` IN ('107') ) ORDER BY FIND_IN_SET(id,"107")  [ RunTime:0.000345s ]
SQL: SHOW COLUMNS FROM `wp_addons` [ RunTime:0.001409s ]
SQL: SELECT * FROM `wp_addons` WHERE ( `name` = 'Shop' ) LIMIT 1   [ RunTime:0.000248s ]
NOTIC: [8] Undefined index: query /www/weiphp/ThinkPHP/Common/functions.php 第 787 行.
NOTIC: [8] Undefined index: query /www/weiphp/ThinkPHP/Common/functions.php 第 787 行.
SQL: SHOW COLUMNS FROM `wp_tongji` [ RunTime:0.000723s ]
SQL: SELECT * FROM `wp_tongji` WHERE ( `token` = 'gh_b6ff5c2aaf62' ) AND ( `day` = 20150727 ) LIMIT 1   [ RunTime:0.000258s ]
SQL: UPDATE `wp_tongji` SET `content`='a:1:{s:4:\"Shop\";i:8;}' WHERE ( `token` = 'gh_b6ff5c2aaf62' ) AND ( `day` = 20150727 ) [ RunTime:0.000215s ]
INFO: [ action_begin ] --START--
INFO: [ action_begin ] --END-- [ RunTime:-0.029425s ]
SQL: SELECT `public_name` FROM `wp_member_public` WHERE ( `token` = 'gh_b6ff5c2aaf62' ) LIMIT 1   [ RunTime:0.000274s ]
SQL: SELECT * FROM `wp_member_public` WHERE ( `token` = 'gh_b6ff5c2aaf62' ) LIMIT 1   [ RunTime:0.000184s ]
SQL: SELECT `addon_status` FROM `wp_member_public_link` WHERE ( `uid` = 1 ) AND ( `mp_id` = 107 ) LIMIT 1   [ RunTime:0.000162s ]
NOTIC: [8] Undefined variable: addons /www/weiphp/Application/Common/Common/function.php 第 465 行.
NOTIC: [8] Undefined variable: addons /www/weiphp/Application/Common/Common/function.php 第 465 行.
NOTIC: [8] Undefined variable: addons /www/weiphp/Application/Common/Common/function.php 第 465 行.
NOTIC: [8] Undefined variable: addons /www/weiphp/Application/Common/Common/function.php 第 465 行.
NOTIC: [8] Undefined variable: addons /www/weiphp/Application/Common/Common/function.php 第 465 行.
NOTIC: [8] Undefined variable: addons /www/weiphp/Application/Common/Common/function.php 第 465 行.
NOTIC: [8] Undefined variable: addons /www/weiphp/Application/Common/Common/function.php 第 465 行.
SQL: SELECT `addon_config` FROM `wp_member_public` WHERE ( `token` = 'gh_b6ff5c2aaf62' ) LIMIT 1   [ RunTime:0.000209s ]
SQL: SHOW COLUMNS FROM `wp_picture` [ RunTime:0.000801s ]
SQL: SELECT * FROM `wp_picture` WHERE ( `status` = 1 ) AND ( `id` = 373 ) LIMIT 1   [ RunTime:0.000247s ]
NOTIC: [8] Undefined index: background /www/weiphp/Addons/Shop/Controller/BaseController.class.php 第 53 行.
NOTIC: [8] Undefined index: uid /www/weiphp/ThinkPHP/Library/Think/Controller.class.php 第 140 行.
SQL: SELECT * FROM `wp_member_public_link` WHERE ( uid=1 ) ORDER BY is_use desc  [ RunTime:0.000183s ]
SQL: SELECT * FROM `wp_member_public` WHERE ( `id` IN ('107') ) ORDER BY FIND_IN_SET(id,"107")  [ RunTime:0.000199s ]
NOTIC: [8] Undefined index: id /www/weiphp/Addons/Shop/Controller/ShopController.class.php 第 331 行.
SQL: SHOW COLUMNS FROM `wp_shop_order` [ RunTime:0.000776s ]

[ 2015-07-27T07:59:20+08:00 ] 192.168.1.105 /index.php?s=/addon/Shop/Shop/notify.html
SQL: SHOW COLUMNS FROM `wp_member` [ RunTime:0.000966s ]
SQL: SELECT * FROM `wp_member` WHERE ( `uid` = 1 ) LIMIT 1   [ RunTime:0.000245s ]
NOTIC: [8] Undefined index: uid /www/weiphp/ThinkPHP/Library/Think/Controller.class.php 第 140 行.
SQL: SELECT * FROM `wp_member_public_link` WHERE ( uid=1 ) ORDER BY is_use desc  [ RunTime:0.000124s ]
SQL: SELECT * FROM `wp_member_public` WHERE ( `id` IN ('107') ) ORDER BY FIND_IN_SET(id,"107")  [ RunTime:0.000213s ]
SQL: SHOW COLUMNS FROM `wp_addons` [ RunTime:0.000605s ]
SQL: SELECT * FROM `wp_addons` WHERE ( `name` = 'Shop' ) LIMIT 1   [ RunTime:0.000171s ]
NOTIC: [8] Undefined index: query /www/weiphp/ThinkPHP/Common/functions.php 第 787 行.
NOTIC: [8] Undefined index: query /www/weiphp/ThinkPHP/Common/functions.php 第 787 行.
SQL: SHOW COLUMNS FROM `wp_tongji` [ RunTime:0.000482s ]
SQL: SELECT * FROM `wp_tongji` WHERE ( `token` = 'gh_b6ff5c2aaf62' ) AND ( `day` = 20150727 ) LIMIT 1   [ RunTime:0.000164s ]
SQL: UPDATE `wp_tongji` SET `content`='a:1:{s:4:\"Shop\";i:9;}' WHERE ( `token` = 'gh_b6ff5c2aaf62' ) AND ( `day` = 20150727 ) [ RunTime:0.000160s ]
INFO: [ action_begin ] --START--
INFO: [ action_begin ] --END-- [ RunTime:-0.018854s ]
SQL: SELECT `public_name` FROM `wp_member_public` WHERE ( `token` = 'gh_b6ff5c2aaf62' ) LIMIT 1   [ RunTime:0.000238s ]
SQL: SELECT * FROM `wp_member_public` WHERE ( `token` = 'gh_b6ff5c2aaf62' ) LIMIT 1   [ RunTime:0.000161s ]
SQL: SELECT `addon_status` FROM `wp_member_public_link` WHERE ( `uid` = 1 ) AND ( `mp_id` = 107 ) LIMIT 1   [ RunTime:0.000139s ]
NOTIC: [8] Undefined variable: addons /www/weiphp/Application/Common/Common/function.php 第 465 行.
NOTIC: [8] Undefined variable: addons /www/weiphp/Application/Common/Common/function.php 第 465 行.
NOTIC: [8] Undefined variable: addons /www/weiphp/Application/Common/Common/function.php 第 465 行.
NOTIC: [8] Undefined variable: addons /www/weiphp/Application/Common/Common/function.php 第 465 行.
NOTIC: [8] Undefined variable: addons /www/weiphp/Application/Common/Common/function.php 第 465 行.
NOTIC: [8] Undefined variable: addons /www/weiphp/Application/Common/Common/function.php 第 465 行.
NOTIC: [8] Undefined variable: addons /www/weiphp/Application/Common/Common/function.php 第 465 行.
SQL: SELECT `addon_config` FROM `wp_member_public` WHERE ( `token` = 'gh_b6ff5c2aaf62' ) LIMIT 1   [ RunTime:0.000129s ]
SQL: SHOW COLUMNS FROM `wp_picture` [ RunTime:0.000685s ]
SQL: SELECT * FROM `wp_picture` WHERE ( `status` = 1 ) AND ( `id` = 373 ) LIMIT 1   [ RunTime:0.000157s ]
NOTIC: [8] Undefined index: background /www/weiphp/Addons/Shop/Controller/BaseController.class.php 第 53 行.
NOTIC: [8] Undefined index: uid /www/weiphp/ThinkPHP/Library/Think/Controller.class.php 第 140 行.
SQL: SELECT * FROM `wp_member_public_link` WHERE ( uid=1 ) ORDER BY is_use desc  [ RunTime:0.000178s ]
SQL: SELECT * FROM `wp_member_public` WHERE ( `id` IN ('107') ) ORDER BY FIND_IN_SET(id,"107")  [ RunTime:0.000160s ]
NOTIC: [8] Undefined index: id /www/weiphp/Addons/Shop/Controller/ShopController.class.php 第 331 行.
SQL: SHOW COLUMNS FROM `wp_shop_order` [ RunTime:0.000922s ]
SQL: SELECT * FROM `wp_shop_order` WHERE ( `id` = 4 ) LIMIT 1   [ RunTime:0.000487s ]

[ 2015-07-27T08:00:00+08:00 ] 192.168.1.105 /index.php?s=/addon/Shop/Shop/notify.html
SQL: SHOW COLUMNS FROM `wp_member` [ RunTime:0.001048s ]
SQL: SELECT * FROM `wp_member` WHERE ( `uid` = 1 ) LIMIT 1   [ RunTime:0.000193s ]
NOTIC: [8] Undefined index: uid /www/weiphp/ThinkPHP/Library/Think/Controller.class.php 第 140 行.
SQL: SELECT * FROM `wp_member_public_link` WHERE ( uid=1 ) ORDER BY is_use desc  [ RunTime:0.000129s ]
SQL: SELECT * FROM `wp_member_public` WHERE ( `id` IN ('107') ) ORDER BY FIND_IN_SET(id,"107")  [ RunTime:0.000216s ]
SQL: SHOW COLUMNS FROM `wp_addons` [ RunTime:0.000580s ]
SQL: SELECT * FROM `wp_addons` WHERE ( `name` = 'Shop' ) LIMIT 1   [ RunTime:0.000589s ]
NOTIC: [8] Undefined index: query /www/weiphp/ThinkPHP/Common/functions.php 第 787 行.
NOTIC: [8] Undefined index: query /www/weiphp/ThinkPHP/Common/functions.php 第 787 行.
SQL: SHOW COLUMNS FROM `wp_tongji` [ RunTime:0.000689s ]
SQL: SELECT * FROM `wp_tongji` WHERE ( `token` = 'gh_b6ff5c2aaf62' ) AND ( `day` = 20150727 ) LIMIT 1   [ RunTime:0.000180s ]
SQL: UPDATE `wp_tongji` SET `content`='a:1:{s:4:\"Shop\";i:10;}' WHERE ( `token` = 'gh_b6ff5c2aaf62' ) AND ( `day` = 20150727 ) [ RunTime:0.000163s ]
INFO: [ action_begin ] --START--
INFO: [ action_begin ] --END-- [ RunTime:-0.019964s ]
SQL: SELECT `public_name` FROM `wp_member_public` WHERE ( `token` = 'gh_b6ff5c2aaf62' ) LIMIT 1   [ RunTime:0.000288s ]
SQL: SELECT * FROM `wp_member_public` WHERE ( `token` = 'gh_b6ff5c2aaf62' ) LIMIT 1   [ RunTime:0.000177s ]
SQL: SELECT `addon_status` FROM `wp_member_public_link` WHERE ( `uid` = 1 ) AND ( `mp_id` = 107 ) LIMIT 1   [ RunTime:0.000288s ]
NOTIC: [8] Undefined variable: addons /www/weiphp/Application/Common/Common/function.php 第 465 行.
NOTIC: [8] Undefined variable: addons /www/weiphp/Application/Common/Common/function.php 第 465 行.
NOTIC: [8] Undefined variable: addons /www/weiphp/Application/Common/Common/function.php 第 465 行.
NOTIC: [8] Undefined variable: addons /www/weiphp/Application/Common/Common/function.php 第 465 行.
NOTIC: [8] Undefined variable: addons /www/weiphp/Application/Common/Common/function.php 第 465 行.
NOTIC: [8] Undefined variable: addons /www/weiphp/Application/Common/Common/function.php 第 465 行.
NOTIC: [8] Undefined variable: addons /www/weiphp/Application/Common/Common/function.php 第 465 行.
SQL: SELECT `addon_config` FROM `wp_member_public` WHERE ( `token` = 'gh_b6ff5c2aaf62' ) LIMIT 1   [ RunTime:0.000236s ]
SQL: SHOW COLUMNS FROM `wp_picture` [ RunTime:0.000635s ]
SQL: SELECT * FROM `wp_picture` WHERE ( `status` = 1 ) AND ( `id` = 373 ) LIMIT 1   [ RunTime:0.000153s ]
NOTIC: [8] Undefined index: background /www/weiphp/Addons/Shop/Controller/BaseController.class.php 第 53 行.
NOTIC: [8] Undefined index: uid /www/weiphp/ThinkPHP/Library/Think/Controller.class.php 第 140 行.
SQL: SELECT * FROM `wp_member_public_link` WHERE ( uid=1 ) ORDER BY is_use desc  [ RunTime:0.000131s ]
SQL: SELECT * FROM `wp_member_public` WHERE ( `id` IN ('107') ) ORDER BY FIND_IN_SET(id,"107")  [ RunTime:0.000267s ]
NOTIC: [8] Undefined index: id /www/weiphp/Addons/Shop/Controller/ShopController.class.php 第 331 行.
SQL: SHOW COLUMNS FROM `wp_shop_order` [ RunTime:0.000668s ]
SQL: SELECT * FROM `wp_shop_order` WHERE ( `id` = 4 ) LIMIT 1   [ RunTime:0.000150s ]
NOTIC: [2] Attempt to assign property of non-object /www/weiphp/Addons/Shop/Controller/ShopController.class.php 第 337 行.

[ 2015-07-27T08:00:11+08:00 ] 192.168.1.105 /index.php?s=/addon/Shop/Shop/notify.html
SQL: SHOW COLUMNS FROM `wp_member` [ RunTime:0.000708s ]
SQL: SELECT * FROM `wp_member` WHERE ( `uid` = 1 ) LIMIT 1   [ RunTime:0.001177s ]
NOTIC: [8] Undefined index: uid /www/weiphp/ThinkPHP/Library/Think/Controller.class.php 第 140 行.
SQL: SELECT * FROM `wp_member_public_link` WHERE ( uid=1 ) ORDER BY is_use desc  [ RunTime:0.000415s ]
SQL: SELECT * FROM `wp_member_public` WHERE ( `id` IN ('107') ) ORDER BY FIND_IN_SET(id,"107")  [ RunTime:0.000221s ]
SQL: SHOW COLUMNS FROM `wp_addons` [ RunTime:0.001456s ]
SQL: SELECT * FROM `wp_addons` WHERE ( `name` = 'Shop' ) LIMIT 1   [ RunTime:0.000269s ]
NOTIC: [8] Undefined index: query /www/weiphp/ThinkPHP/Common/functions.php 第 787 行.
NOTIC: [8] Undefined index: query /www/weiphp/ThinkPHP/Common/functions.php 第 787 行.
SQL: SHOW COLUMNS FROM `wp_tongji` [ RunTime:0.000551s ]
SQL: SELECT * FROM `wp_tongji` WHERE ( `token` = 'gh_b6ff5c2aaf62' ) AND ( `day` = 20150727 ) LIMIT 1   [ RunTime:0.000171s ]
SQL: UPDATE `wp_tongji` SET `content`='a:1:{s:4:\"Shop\";i:11;}' WHERE ( `token` = 'gh_b6ff5c2aaf62' ) AND ( `day` = 20150727 ) [ RunTime:0.000165s ]
INFO: [ action_begin ] --START--
INFO: [ action_begin ] --END-- [ RunTime:-0.021197s ]
SQL: SELECT `public_name` FROM `wp_member_public` WHERE ( `token` = 'gh_b6ff5c2aaf62' ) LIMIT 1   [ RunTime:0.000217s ]
SQL: SELECT * FROM `wp_member_public` WHERE ( `token` = 'gh_b6ff5c2aaf62' ) LIMIT 1   [ RunTime:0.000134s ]
SQL: SELECT `addon_status` FROM `wp_member_public_link` WHERE ( `uid` = 1 ) AND ( `mp_id` = 107 ) LIMIT 1   [ RunTime:0.000329s ]
NOTIC: [8] Undefined variable: addons /www/weiphp/Application/Common/Common/function.php 第 465 行.
NOTIC: [8] Undefined variable: addons /www/weiphp/Application/Common/Common/function.php 第 465 行.
NOTIC: [8] Undefined variable: addons /www/weiphp/Application/Common/Common/function.php 第 465 行.
NOTIC: [8] Undefined variable: addons /www/weiphp/Application/Common/Common/function.php 第 465 行.
NOTIC: [8] Undefined variable: addons /www/weiphp/Application/Common/Common/function.php 第 465 行.
NOTIC: [8] Undefined variable: addons /www/weiphp/Application/Common/Common/function.php 第 465 行.
NOTIC: [8] Undefined variable: addons /www/weiphp/Application/Common/Common/function.php 第 465 行.
SQL: SELECT `addon_config` FROM `wp_member_public` WHERE ( `token` = 'gh_b6ff5c2aaf62' ) LIMIT 1   [ RunTime:0.000189s ]
SQL: SHOW COLUMNS FROM `wp_picture` [ RunTime:0.000717s ]
SQL: SELECT * FROM `wp_picture` WHERE ( `status` = 1 ) AND ( `id` = 373 ) LIMIT 1   [ RunTime:0.000162s ]
NOTIC: [8] Undefined index: background /www/weiphp/Addons/Shop/Controller/BaseController.class.php 第 53 行.
NOTIC: [8] Undefined index: uid /www/weiphp/ThinkPHP/Library/Think/Controller.class.php 第 140 行.
SQL: SELECT * FROM `wp_member_public_link` WHERE ( uid=1 ) ORDER BY is_use desc  [ RunTime:0.000143s ]
SQL: SELECT * FROM `wp_member_public` WHERE ( `id` IN ('107') ) ORDER BY FIND_IN_SET(id,"107")  [ RunTime:0.000158s ]
NOTIC: [8] Undefined index: id /www/weiphp/Addons/Shop/Controller/ShopController.class.php 第 331 行.
SQL: SHOW COLUMNS FROM `wp_shop_order` [ RunTime:0.000644s ]
SQL: SELECT * FROM `wp_shop_order` WHERE ( `id` = 4 ) LIMIT 1   [ RunTime:0.000149s ]
NOTIC: [2] Attempt to assign property of non-object /www/weiphp/Addons/Shop/Controller/ShopController.class.php 第 337 行.

[ 2015-07-27T08:00:12+08:00 ] 192.168.1.105 /index.php?s=/addon/Shop/Shop/notify.html
SQL: SHOW COLUMNS FROM `wp_member` [ RunTime:0.000739s ]
SQL: SELECT * FROM `wp_member` WHERE ( `uid` = 1 ) LIMIT 1   [ RunTime:0.000208s ]
NOTIC: [8] Undefined index: uid /www/weiphp/ThinkPHP/Library/Think/Controller.class.php 第 140 行.
SQL: SELECT * FROM `wp_member_public_link` WHERE ( uid=1 ) ORDER BY is_use desc  [ RunTime:0.000153s ]
SQL: SELECT * FROM `wp_member_public` WHERE ( `id` IN ('107') ) ORDER BY FIND_IN_SET(id,"107")  [ RunTime:0.000170s ]
SQL: SHOW COLUMNS FROM `wp_addons` [ RunTime:0.000690s ]
SQL: SELECT * FROM `wp_addons` WHERE ( `name` = 'Shop' ) LIMIT 1   [ RunTime:0.000167s ]
NOTIC: [8] Undefined index: query /www/weiphp/ThinkPHP/Common/functions.php 第 787 行.
NOTIC: [8] Undefined index: query /www/weiphp/ThinkPHP/Common/functions.php 第 787 行.
SQL: SHOW COLUMNS FROM `wp_tongji` [ RunTime:0.000564s ]
SQL: SELECT * FROM `wp_tongji` WHERE ( `token` = 'gh_b6ff5c2aaf62' ) AND ( `day` = 20150727 ) LIMIT 1   [ RunTime:0.000168s ]
SQL: UPDATE `wp_tongji` SET `content`='a:1:{s:4:\"Shop\";i:12;}' WHERE ( `token` = 'gh_b6ff5c2aaf62' ) AND ( `day` = 20150727 ) [ RunTime:0.000211s ]
INFO: [ action_begin ] --START--
INFO: [ action_begin ] --END-- [ RunTime:-0.019465s ]
SQL: SELECT `public_name` FROM `wp_member_public` WHERE ( `token` = 'gh_b6ff5c2aaf62' ) LIMIT 1   [ RunTime:0.000336s ]
SQL: SELECT * FROM `wp_member_public` WHERE ( `token` = 'gh_b6ff5c2aaf62' ) LIMIT 1   [ RunTime:0.000430s ]
SQL: SELECT `addon_status` FROM `wp_member_public_link` WHERE ( `uid` = 1 ) AND ( `mp_id` = 107 ) LIMIT 1   [ RunTime:0.000211s ]
NOTIC: [8] Undefined variable: addons /www/weiphp/Application/Common/Common/function.php 第 465 行.
NOTIC: [8] Undefined variable: addons /www/weiphp/Application/Common/Common/function.php 第 465 行.
NOTIC: [8] Undefined variable: addons /www/weiphp/Application/Common/Common/function.php 第 465 行.
NOTIC: [8] Undefined variable: addons /www/weiphp/Application/Common/Common/function.php 第 465 行.
NOTIC: [8] Undefined variable: addons /www/weiphp/Application/Common/Common/function.php 第 465 行.
NOTIC: [8] Undefined variable: addons /www/weiphp/Application/Common/Common/function.php 第 465 行.
NOTIC: [8] Undefined variable: addons /www/weiphp/Application/Common/Common/function.php 第 465 行.
SQL: SELECT `addon_config` FROM `wp_member_public` WHERE ( `token` = 'gh_b6ff5c2aaf62' ) LIMIT 1   [ RunTime:0.000261s ]
SQL: SHOW COLUMNS FROM `wp_picture` [ RunTime:0.001608s ]
SQL: SELECT * FROM `wp_picture` WHERE ( `status` = 1 ) AND ( `id` = 373 ) LIMIT 1   [ RunTime:0.000280s ]
NOTIC: [8] Undefined index: background /www/weiphp/Addons/Shop/Controller/BaseController.class.php 第 53 行.
NOTIC: [8] Undefined index: uid /www/weiphp/ThinkPHP/Library/Think/Controller.class.php 第 140 行.
SQL: SELECT * FROM `wp_member_public_link` WHERE ( uid=1 ) ORDER BY is_use desc  [ RunTime:0.000150s ]
SQL: SELECT * FROM `wp_member_public` WHERE ( `id` IN ('107') ) ORDER BY FIND_IN_SET(id,"107")  [ RunTime:0.000164s ]
NOTIC: [8] Undefined index: id /www/weiphp/Addons/Shop/Controller/ShopController.class.php 第 331 行.
SQL: SHOW COLUMNS FROM `wp_shop_order` [ RunTime:0.000696s ]
SQL: SELECT * FROM `wp_shop_order` WHERE ( `id` = 4 ) LIMIT 1   [ RunTime:0.000194s ]
NOTIC: [2] Attempt to assign property of non-object /www/weiphp/Addons/Shop/Controller/ShopController.class.php 第 337 行.

[ 2015-07-27T08:00:12+08:00 ] 192.168.1.105 /index.php?s=/addon/Shop/Shop/notify.html
SQL: SHOW COLUMNS FROM `wp_member` [ RunTime:0.001397s ]
SQL: SELECT * FROM `wp_member` WHERE ( `uid` = 1 ) LIMIT 1   [ RunTime:0.000205s ]
NOTIC: [8] Undefined index: uid /www/weiphp/ThinkPHP/Library/Think/Controller.class.php 第 140 行.
SQL: SELECT * FROM `wp_member_public_link` WHERE ( uid=1 ) ORDER BY is_use desc  [ RunTime:0.000139s ]
SQL: SELECT * FROM `wp_member_public` WHERE ( `id` IN ('107') ) ORDER BY FIND_IN_SET(id,"107")  [ RunTime:0.000156s ]
SQL: SHOW COLUMNS FROM `wp_addons` [ RunTime:0.000712s ]
SQL: SELECT * FROM `wp_addons` WHERE ( `name` = 'Shop' ) LIMIT 1   [ RunTime:0.000162s ]
NOTIC: [8] Undefined index: query /www/weiphp/ThinkPHP/Common/functions.php 第 787 行.
NOTIC: [8] Undefined index: query /www/weiphp/ThinkPHP/Common/functions.php 第 787 行.
SQL: SHOW COLUMNS FROM `wp_tongji` [ RunTime:0.000491s ]
SQL: SELECT * FROM `wp_tongji` WHERE ( `token` = 'gh_b6ff5c2aaf62' ) AND ( `day` = 20150727 ) LIMIT 1   [ RunTime:0.000160s ]
SQL: UPDATE `wp_tongji` SET `content`='a:1:{s:4:\"Shop\";i:13;}' WHERE ( `token` = 'gh_b6ff5c2aaf62' ) AND ( `day` = 20150727 ) [ RunTime:0.000165s ]
INFO: [ action_begin ] --START--
INFO: [ action_begin ] --END-- [ RunTime:-0.021974s ]
SQL: SELECT `public_name` FROM `wp_member_public` WHERE ( `token` = 'gh_b6ff5c2aaf62' ) LIMIT 1   [ RunTime:0.000146s ]
SQL: SELECT * FROM `wp_member_public` WHERE ( `token` = 'gh_b6ff5c2aaf62' ) LIMIT 1   [ RunTime:0.000132s ]
SQL: SELECT `addon_status` FROM `wp_member_public_link` WHERE ( `uid` = 1 ) AND ( `mp_id` = 107 ) LIMIT 1   [ RunTime:0.000120s ]
NOTIC: [8] Undefined variable: addons /www/weiphp/Application/Common/Common/function.php 第 465 行.
NOTIC: [8] Undefined variable: addons /www/weiphp/Application/Common/Common/function.php 第 465 行.
NOTIC: [8] Undefined variable: addons /www/weiphp/Application/Common/Common/function.php 第 465 行.
NOTIC: [8] Undefined variable: addons /www/weiphp/Application/Common/Common/function.php 第 465 行.
NOTIC: [8] Undefined variable: addons /www/weiphp/Application/Common/Common/function.php 第 465 行.
NOTIC: [8] Undefined variable: addons /www/weiphp/Application/Common/Common/function.php 第 465 行.
NOTIC: [8] Undefined variable: addons /www/weiphp/Application/Common/Common/function.php 第 465 行.
SQL: SELECT `addon_config` FROM `wp_member_public` WHERE ( `token` = 'gh_b6ff5c2aaf62' ) LIMIT 1   [ RunTime:0.000114s ]
SQL: SHOW COLUMNS FROM `wp_picture` [ RunTime:0.000639s ]
SQL: SELECT * FROM `wp_picture` WHERE ( `status` = 1 ) AND ( `id` = 373 ) LIMIT 1   [ RunTime:0.000146s ]
NOTIC: [8] Undefined index: background /www/weiphp/Addons/Shop/Controller/BaseController.class.php 第 53 行.
NOTIC: [8] Undefined index: uid /www/weiphp/ThinkPHP/Library/Think/Controller.class.php 第 140 行.
SQL: SELECT * FROM `wp_member_public_link` WHERE ( uid=1 ) ORDER BY is_use desc  [ RunTime:0.000135s ]
SQL: SELECT * FROM `wp_member_public` WHERE ( `id` IN ('107') ) ORDER BY FIND_IN_SET(id,"107")  [ RunTime:0.000146s ]
NOTIC: [8] Undefined index: id /www/weiphp/Addons/Shop/Controller/ShopController.class.php 第 331 行.
SQL: SHOW COLUMNS FROM `wp_shop_order` [ RunTime:0.000622s ]
SQL: SELECT * FROM `wp_shop_order` WHERE ( `id` = 4 ) LIMIT 1   [ RunTime:0.000140s ]
NOTIC: [2] Attempt to assign property of non-object /www/weiphp/Addons/Shop/Controller/ShopController.class.php 第 337 行.

[ 2015-07-27T08:00:12+08:00 ] 192.168.1.105 /index.php?s=/addon/Shop/Shop/notify.html
SQL: SHOW COLUMNS FROM `wp_member` [ RunTime:0.000740s ]
SQL: SELECT * FROM `wp_member` WHERE ( `uid` = 1 ) LIMIT 1   [ RunTime:0.000222s ]
NOTIC: [8] Undefined index: uid /www/weiphp/ThinkPHP/Library/Think/Controller.class.php 第 140 行.
SQL: SELECT * FROM `wp_member_public_link` WHERE ( uid=1 ) ORDER BY is_use desc  [ RunTime:0.000127s ]
SQL: SELECT * FROM `wp_member_public` WHERE ( `id` IN ('107') ) ORDER BY FIND_IN_SET(id,"107")  [ RunTime:0.000151s ]
SQL: SHOW COLUMNS FROM `wp_addons` [ RunTime:0.000633s ]
SQL: SELECT * FROM `wp_addons` WHERE ( `name` = 'Shop' ) LIMIT 1   [ RunTime:0.000154s ]
NOTIC: [8] Undefined index: query /www/weiphp/ThinkPHP/Common/functions.php 第 787 行.
NOTIC: [8] Undefined index: query /www/weiphp/ThinkPHP/Common/functions.php 第 787 行.
SQL: SHOW COLUMNS FROM `wp_tongji` [ RunTime:0.000501s ]
SQL: SELECT * FROM `wp_tongji` WHERE ( `token` = 'gh_b6ff5c2aaf62' ) AND ( `day` = 20150727 ) LIMIT 1   [ RunTime:0.000155s ]
SQL: UPDATE `wp_tongji` SET `content`='a:1:{s:4:\"Shop\";i:14;}' WHERE ( `token` = 'gh_b6ff5c2aaf62' ) AND ( `day` = 20150727 ) [ RunTime:0.000205s ]
INFO: [ action_begin ] --START--
INFO: [ action_begin ] --END-- [ RunTime:-0.015937s ]
SQL: SELECT `public_name` FROM `wp_member_public` WHERE ( `token` = 'gh_b6ff5c2aaf62' ) LIMIT 1   [ RunTime:0.000148s ]
SQL: SELECT * FROM `wp_member_public` WHERE ( `token` = 'gh_b6ff5c2aaf62' ) LIMIT 1   [ RunTime:0.000130s ]
SQL: SELECT `addon_status` FROM `wp_member_public_link` WHERE ( `uid` = 1 ) AND ( `mp_id` = 107 ) LIMIT 1   [ RunTime:0.000169s ]
NOTIC: [8] Undefined variable: addons /www/weiphp/Application/Common/Common/function.php 第 465 行.
NOTIC: [8] Undefined variable: addons /www/weiphp/Application/Common/Common/function.php 第 465 行.
NOTIC: [8] Undefined variable: addons /www/weiphp/Application/Common/Common/function.php 第 465 行.
NOTIC: [8] Undefined variable: addons /www/weiphp/Application/Common/Common/function.php 第 465 行.
NOTIC: [8] Undefined variable: addons /www/weiphp/Application/Common/Common/function.php 第 465 行.
NOTIC: [8] Undefined variable: addons /www/weiphp/Application/Common/Common/function.php 第 465 行.
NOTIC: [8] Undefined variable: addons /www/weiphp/Application/Common/Common/function.php 第 465 行.
SQL: SELECT `addon_config` FROM `wp_member_public` WHERE ( `token` = 'gh_b6ff5c2aaf62' ) LIMIT 1   [ RunTime:0.000223s ]
SQL: SHOW COLUMNS FROM `wp_picture` [ RunTime:0.000699s ]
SQL: SELECT * FROM `wp_picture` WHERE ( `status` = 1 ) AND ( `id` = 373 ) LIMIT 1   [ RunTime:0.000371s ]
NOTIC: [8] Undefined index: background /www/weiphp/Addons/Shop/Controller/BaseController.class.php 第 53 行.
NOTIC: [8] Undefined index: uid /www/weiphp/ThinkPHP/Library/Think/Controller.class.php 第 140 行.
SQL: SELECT * FROM `wp_member_public_link` WHERE ( uid=1 ) ORDER BY is_use desc  [ RunTime:0.000320s ]
SQL: SELECT * FROM `wp_member_public` WHERE ( `id` IN ('107') ) ORDER BY FIND_IN_SET(id,"107")  [ RunTime:0.000257s ]
NOTIC: [8] Undefined index: id /www/weiphp/Addons/Shop/Controller/ShopController.class.php 第 331 行.
SQL: SHOW COLUMNS FROM `wp_shop_order` [ RunTime:0.001242s ]
SQL: SELECT * FROM `wp_shop_order` WHERE ( `id` = 4 ) LIMIT 1   [ RunTime:0.000456s ]
NOTIC: [2] Attempt to assign property of non-object /www/weiphp/Addons/Shop/Controller/ShopController.class.php 第 337 行.

[ 2015-07-27T08:00:13+08:00 ] 192.168.1.105 /index.php?s=/addon/Shop/Shop/notify.html
SQL: SHOW COLUMNS FROM `wp_member` [ RunTime:0.000652s ]
SQL: SELECT * FROM `wp_member` WHERE ( `uid` = 1 ) LIMIT 1   [ RunTime:0.000215s ]
NOTIC: [8] Undefined index: uid /www/weiphp/ThinkPHP/Library/Think/Controller.class.php 第 140 行.
SQL: SELECT * FROM `wp_member_public_link` WHERE ( uid=1 ) ORDER BY is_use desc  [ RunTime:0.000159s ]
SQL: SELECT * FROM `wp_member_public` WHERE ( `id` IN ('107') ) ORDER BY FIND_IN_SET(id,"107")  [ RunTime:0.000181s ]
SQL: SHOW COLUMNS FROM `wp_addons` [ RunTime:0.001296s ]
SQL: SELECT * FROM `wp_addons` WHERE ( `name` = 'Shop' ) LIMIT 1   [ RunTime:0.000246s ]
NOTIC: [8] Undefined index: query /www/weiphp/ThinkPHP/Common/functions.php 第 787 行.
NOTIC: [8] Undefined index: query /www/weiphp/ThinkPHP/Common/functions.php 第 787 行.
SQL: SHOW COLUMNS FROM `wp_tongji` [ RunTime:0.000545s ]
SQL: SELECT * FROM `wp_tongji` WHERE ( `token` = 'gh_b6ff5c2aaf62' ) AND ( `day` = 20150727 ) LIMIT 1   [ RunTime:0.000243s ]
SQL: UPDATE `wp_tongji` SET `content`='a:1:{s:4:\"Shop\";i:15;}' WHERE ( `token` = 'gh_b6ff5c2aaf62' ) AND ( `day` = 20150727 ) [ RunTime:0.000280s ]
INFO: [ action_begin ] --START--
INFO: [ action_begin ] --END-- [ RunTime:-0.015690s ]
SQL: SELECT `public_name` FROM `wp_member_public` WHERE ( `token` = 'gh_b6ff5c2aaf62' ) LIMIT 1   [ RunTime:0.000220s ]
SQL: SELECT * FROM `wp_member_public` WHERE ( `token` = 'gh_b6ff5c2aaf62' ) LIMIT 1   [ RunTime:0.000133s ]
SQL: SELECT `addon_status` FROM `wp_member_public_link` WHERE ( `uid` = 1 ) AND ( `mp_id` = 107 ) LIMIT 1   [ RunTime:0.000121s ]
NOTIC: [8] Undefined variable: addons /www/weiphp/Application/Common/Common/function.php 第 465 行.
NOTIC: [8] Undefined variable: addons /www/weiphp/Application/Common/Common/function.php 第 465 行.
NOTIC: [8] Undefined variable: addons /www/weiphp/Application/Common/Common/function.php 第 465 行.
NOTIC: [8] Undefined variable: addons /www/weiphp/Application/Common/Common/function.php 第 465 行.
NOTIC: [8] Undefined variable: addons /www/weiphp/Application/Common/Common/function.php 第 465 行.
NOTIC: [8] Undefined variable: addons /www/weiphp/Application/Common/Common/function.php 第 465 行.
NOTIC: [8] Undefined variable: addons /www/weiphp/Application/Common/Common/function.php 第 465 行.
SQL: SELECT `addon_config` FROM `wp_member_public` WHERE ( `token` = 'gh_b6ff5c2aaf62' ) LIMIT 1   [ RunTime:0.000120s ]
SQL: SHOW COLUMNS FROM `wp_picture` [ RunTime:0.000661s ]
SQL: SELECT * FROM `wp_picture` WHERE ( `status` = 1 ) AND ( `id` = 373 ) LIMIT 1   [ RunTime:0.000147s ]
NOTIC: [8] Undefined index: background /www/weiphp/Addons/Shop/Controller/BaseController.class.php 第 53 行.
NOTIC: [8] Undefined index: uid /www/weiphp/ThinkPHP/Library/Think/Controller.class.php 第 140 行.
SQL: SELECT * FROM `wp_member_public_link` WHERE ( uid=1 ) ORDER BY is_use desc  [ RunTime:0.000138s ]
SQL: SELECT * FROM `wp_member_public` WHERE ( `id` IN ('107') ) ORDER BY FIND_IN_SET(id,"107")  [ RunTime:0.000149s ]
NOTIC: [8] Undefined index: id /www/weiphp/Addons/Shop/Controller/ShopController.class.php 第 331 行.
SQL: SHOW COLUMNS FROM `wp_shop_order` [ RunTime:0.000618s ]
SQL: SELECT * FROM `wp_shop_order` WHERE ( `id` = 4 ) LIMIT 1   [ RunTime:0.000143s ]
NOTIC: [2] Attempt to assign property of non-object /www/weiphp/Addons/Shop/Controller/ShopController.class.php 第 337 行.

[ 2015-07-27T08:00:13+08:00 ] 192.168.1.105 /index.php?s=/addon/Shop/Shop/notify.html
SQL: SHOW COLUMNS FROM `wp_member` [ RunTime:0.000639s ]
SQL: SELECT * FROM `wp_member` WHERE ( `uid` = 1 ) LIMIT 1   [ RunTime:0.000161s ]
NOTIC: [8] Undefined index: uid /www/weiphp/ThinkPHP/Library/Think/Controller.class.php 第 140 行.
SQL: SELECT * FROM `wp_member_public_link` WHERE ( uid=1 ) ORDER BY is_use desc  [ RunTime:0.000120s ]
SQL: SELECT * FROM `wp_member_public` WHERE ( `id` IN ('107') ) ORDER BY FIND_IN_SET(id,"107")  [ RunTime:0.000207s ]
SQL: SHOW COLUMNS FROM `wp_addons` [ RunTime:0.000558s ]
SQL: SELECT * FROM `wp_addons` WHERE ( `name` = 'Shop' ) LIMIT 1   [ RunTime:0.000189s ]
NOTIC: [8] Undefined index: query /www/weiphp/ThinkPHP/Common/functions.php 第 787 行.
NOTIC: [8] Undefined index: query /www/weiphp/ThinkPHP/Common/functions.php 第 787 行.
SQL: SHOW COLUMNS FROM `wp_tongji` [ RunTime:0.000614s ]
SQL: SELECT * FROM `wp_tongji` WHERE ( `token` = 'gh_b6ff5c2aaf62' ) AND ( `day` = 20150727 ) LIMIT 1   [ RunTime:0.000168s ]
SQL: UPDATE `wp_tongji` SET `content`='a:1:{s:4:\"Shop\";i:16;}' WHERE ( `token` = 'gh_b6ff5c2aaf62' ) AND ( `day` = 20150727 ) [ RunTime:0.000162s ]
INFO: [ action_begin ] --START--
INFO: [ action_begin ] --END-- [ RunTime:-0.016513s ]
SQL: SELECT `public_name` FROM `wp_member_public` WHERE ( `token` = 'gh_b6ff5c2aaf62' ) LIMIT 1   [ RunTime:0.000195s ]
SQL: SELECT * FROM `wp_member_public` WHERE ( `token` = 'gh_b6ff5c2aaf62' ) LIMIT 1   [ RunTime:0.000192s ]
SQL: SELECT `addon_status` FROM `wp_member_public_link` WHERE ( `uid` = 1 ) AND ( `mp_id` = 107 ) LIMIT 1   [ RunTime:0.000203s ]
NOTIC: [8] Undefined variable: addons /www/weiphp/Application/Common/Common/function.php 第 465 行.
NOTIC: [8] Undefined variable: addons /www/weiphp/Application/Common/Common/function.php 第 465 行.
NOTIC: [8] Undefined variable: addons /www/weiphp/Application/Common/Common/function.php 第 465 行.
NOTIC: [8] Undefined variable: addons /www/weiphp/Application/Common/Common/function.php 第 465 行.
NOTIC: [8] Undefined variable: addons /www/weiphp/Application/Common/Common/function.php 第 465 行.
NOTIC: [8] Undefined variable: addons /www/weiphp/Application/Common/Common/function.php 第 465 行.
NOTIC: [8] Undefined variable: addons /www/weiphp/Application/Common/Common/function.php 第 465 行.
SQL: SELECT `addon_config` FROM `wp_member_public` WHERE ( `token` = 'gh_b6ff5c2aaf62' ) LIMIT 1   [ RunTime:0.000287s ]
SQL: SHOW COLUMNS FROM `wp_picture` [ RunTime:0.000918s ]
SQL: SELECT * FROM `wp_picture` WHERE ( `status` = 1 ) AND ( `id` = 373 ) LIMIT 1   [ RunTime:0.000283s ]
NOTIC: [8] Undefined index: background /www/weiphp/Addons/Shop/Controller/BaseController.class.php 第 53 行.
NOTIC: [8] Undefined index: uid /www/weiphp/ThinkPHP/Library/Think/Controller.class.php 第 140 行.
SQL: SELECT * FROM `wp_member_public_link` WHERE ( uid=1 ) ORDER BY is_use desc  [ RunTime:0.000162s ]
SQL: SELECT * FROM `wp_member_public` WHERE ( `id` IN ('107') ) ORDER BY FIND_IN_SET(id,"107")  [ RunTime:0.000162s ]
NOTIC: [8] Undefined index: id /www/weiphp/Addons/Shop/Controller/ShopController.class.php 第 331 行.
SQL: SHOW COLUMNS FROM `wp_shop_order` [ RunTime:0.000828s ]
SQL: SELECT * FROM `wp_shop_order` WHERE ( `id` = 4 ) LIMIT 1   [ RunTime:0.000206s ]
NOTIC: [2] Attempt to assign property of non-object /www/weiphp/Addons/Shop/Controller/ShopController.class.php 第 337 行.

[ 2015-07-27T08:00:13+08:00 ] 192.168.1.105 /index.php?s=/addon/Shop/Shop/notify.html
SQL: SHOW COLUMNS FROM `wp_member` [ RunTime:0.000887s ]
SQL: SELECT * FROM `wp_member` WHERE ( `uid` = 1 ) LIMIT 1   [ RunTime:0.000556s ]
NOTIC: [8] Undefined index: uid /www/weiphp/ThinkPHP/Library/Think/Controller.class.php 第 140 行.
SQL: SELECT * FROM `wp_member_public_link` WHERE ( uid=1 ) ORDER BY is_use desc  [ RunTime:0.000424s ]
SQL: SELECT * FROM `wp_member_public` WHERE ( `id` IN ('107') ) ORDER BY FIND_IN_SET(id,"107")  [ RunTime:0.000225s ]
SQL: SHOW COLUMNS FROM `wp_addons` [ RunTime:0.000823s ]
SQL: SELECT * FROM `wp_addons` WHERE ( `name` = 'Shop' ) LIMIT 1   [ RunTime:0.000249s ]
NOTIC: [8] Undefined index: query /www/weiphp/ThinkPHP/Common/functions.php 第 787 行.
NOTIC: [8] Undefined index: query /www/weiphp/ThinkPHP/Common/functions.php 第 787 行.
SQL: SHOW COLUMNS FROM `wp_tongji` [ RunTime:0.000745s ]
SQL: SELECT * FROM `wp_tongji` WHERE ( `token` = 'gh_b6ff5c2aaf62' ) AND ( `day` = 20150727 ) LIMIT 1   [ RunTime:0.000239s ]
SQL: UPDATE `wp_tongji` SET `content`='a:1:{s:4:\"Shop\";i:17;}' WHERE ( `token` = 'gh_b6ff5c2aaf62' ) AND ( `day` = 20150727 ) [ RunTime:0.000224s ]
INFO: [ action_begin ] --START--
INFO: [ action_begin ] --END-- [ RunTime:-0.021407s ]
SQL: SELECT `public_name` FROM `wp_member_public` WHERE ( `token` = 'gh_b6ff5c2aaf62' ) LIMIT 1   [ RunTime:0.000281s ]
SQL: SELECT * FROM `wp_member_public` WHERE ( `token` = 'gh_b6ff5c2aaf62' ) LIMIT 1   [ RunTime:0.000180s ]
SQL: SELECT `addon_status` FROM `wp_member_public_link` WHERE ( `uid` = 1 ) AND ( `mp_id` = 107 ) LIMIT 1   [ RunTime:0.000162s ]
NOTIC: [8] Undefined variable: addons /www/weiphp/Application/Common/Common/function.php 第 465 行.
NOTIC: [8] Undefined variable: addons /www/weiphp/Application/Common/Common/function.php 第 465 行.
NOTIC: [8] Undefined variable: addons /www/weiphp/Application/Common/Common/function.php 第 465 行.
NOTIC: [8] Undefined variable: addons /www/weiphp/Application/Common/Common/function.php 第 465 行.
NOTIC: [8] Undefined variable: addons /www/weiphp/Application/Common/Common/function.php 第 465 行.
NOTIC: [8] Undefined variable: addons /www/weiphp/Application/Common/Common/function.php 第 465 行.
NOTIC: [8] Undefined variable: addons /www/weiphp/Application/Common/Common/function.php 第 465 行.
SQL: SELECT `addon_config` FROM `wp_member_public` WHERE ( `token` = 'gh_b6ff5c2aaf62' ) LIMIT 1   [ RunTime:0.000201s ]
SQL: SHOW COLUMNS FROM `wp_picture` [ RunTime:0.000886s ]
SQL: SELECT * FROM `wp_picture` WHERE ( `status` = 1 ) AND ( `id` = 373 ) LIMIT 1   [ RunTime:0.000292s ]
NOTIC: [8] Undefined index: background /www/weiphp/Addons/Shop/Controller/BaseController.class.php 第 53 行.
NOTIC: [8] Undefined index: uid /www/weiphp/ThinkPHP/Library/Think/Controller.class.php 第 140 行.
SQL: SELECT * FROM `wp_member_public_link` WHERE ( uid=1 ) ORDER BY is_use desc  [ RunTime:0.000388s ]
SQL: SELECT * FROM `wp_member_public` WHERE ( `id` IN ('107') ) ORDER BY FIND_IN_SET(id,"107")  [ RunTime:0.000184s ]
NOTIC: [8] Undefined index: id /www/weiphp/Addons/Shop/Controller/ShopController.class.php 第 331 行.
SQL: SHOW COLUMNS FROM `wp_shop_order` [ RunTime:0.000764s ]
SQL: SELECT * FROM `wp_shop_order` WHERE ( `id` = 4 ) LIMIT 1   [ RunTime:0.000179s ]
NOTIC: [2] Attempt to assign property of non-object /www/weiphp/Addons/Shop/Controller/ShopController.class.php 第 337 行.

[ 2015-07-27T08:00:14+08:00 ] 192.168.1.105 /index.php?s=/addon/Shop/Shop/notify.html
SQL: SHOW COLUMNS FROM `wp_member` [ RunTime:0.001650s ]
SQL: SELECT * FROM `wp_member` WHERE ( `uid` = 1 ) LIMIT 1   [ RunTime:0.000399s ]
NOTIC: [8] Undefined index: uid /www/weiphp/ThinkPHP/Library/Think/Controller.class.php 第 140 行.
SQL: SELECT * FROM `wp_member_public_link` WHERE ( uid=1 ) ORDER BY is_use desc  [ RunTime:0.000498s ]
SQL: SELECT * FROM `wp_member_public` WHERE ( `id` IN ('107') ) ORDER BY FIND_IN_SET(id,"107")  [ RunTime:0.000523s ]
SQL: SHOW COLUMNS FROM `wp_addons` [ RunTime:0.000993s ]
SQL: SELECT * FROM `wp_addons` WHERE ( `name` = 'Shop' ) LIMIT 1   [ RunTime:0.000301s ]
NOTIC: [8] Undefined index: query /www/weiphp/ThinkPHP/Common/functions.php 第 787 行.
NOTIC: [8] Undefined index: query /www/weiphp/ThinkPHP/Common/functions.php 第 787 行.
SQL: SHOW COLUMNS FROM `wp_tongji` [ RunTime:0.000801s ]
SQL: SELECT * FROM `wp_tongji` WHERE ( `token` = 'gh_b6ff5c2aaf62' ) AND ( `day` = 20150727 ) LIMIT 1   [ RunTime:0.000247s ]
SQL: UPDATE `wp_tongji` SET `content`='a:1:{s:4:\"Shop\";i:18;}' WHERE ( `token` = 'gh_b6ff5c2aaf62' ) AND ( `day` = 20150727 ) [ RunTime:0.000974s ]
INFO: [ action_begin ] --START--
INFO: [ action_begin ] --END-- [ RunTime:-0.026621s ]
SQL: SELECT `public_name` FROM `wp_member_public` WHERE ( `token` = 'gh_b6ff5c2aaf62' ) LIMIT 1   [ RunTime:0.000247s ]
SQL: SELECT * FROM `wp_member_public` WHERE ( `token` = 'gh_b6ff5c2aaf62' ) LIMIT 1   [ RunTime:0.000139s ]
SQL: SELECT `addon_status` FROM `wp_member_public_link` WHERE ( `uid` = 1 ) AND ( `mp_id` = 107 ) LIMIT 1   [ RunTime:0.000124s ]
NOTIC: [8] Undefined variable: addons /www/weiphp/Application/Common/Common/function.php 第 465 行.
NOTIC: [8] Undefined variable: addons /www/weiphp/Application/Common/Common/function.php 第 465 行.
NOTIC: [8] Undefined variable: addons /www/weiphp/Application/Common/Common/function.php 第 465 行.
NOTIC: [8] Undefined variable: addons /www/weiphp/Application/Common/Common/function.php 第 465 行.
NOTIC: [8] Undefined variable: addons /www/weiphp/Application/Common/Common/function.php 第 465 行.
NOTIC: [8] Undefined variable: addons /www/weiphp/Application/Common/Common/function.php 第 465 行.
NOTIC: [8] Undefined variable: addons /www/weiphp/Application/Common/Common/function.php 第 465 行.
SQL: SELECT `addon_config` FROM `wp_member_public` WHERE ( `token` = 'gh_b6ff5c2aaf62' ) LIMIT 1   [ RunTime:0.000119s ]
SQL: SHOW COLUMNS FROM `wp_picture` [ RunTime:0.000649s ]
SQL: SELECT * FROM `wp_picture` WHERE ( `status` = 1 ) AND ( `id` = 373 ) LIMIT 1   [ RunTime:0.000148s ]
NOTIC: [8] Undefined index: background /www/weiphp/Addons/Shop/Controller/BaseController.class.php 第 53 行.
NOTIC: [8] Undefined index: uid /www/weiphp/ThinkPHP/Library/Think/Controller.class.php 第 140 行.
SQL: SELECT * FROM `wp_member_public_link` WHERE ( uid=1 ) ORDER BY is_use desc  [ RunTime:0.000128s ]
SQL: SELECT * FROM `wp_member_public` WHERE ( `id` IN ('107') ) ORDER BY FIND_IN_SET(id,"107")  [ RunTime:0.000152s ]
NOTIC: [8] Undefined index: id /www/weiphp/Addons/Shop/Controller/ShopController.class.php 第 331 行.
SQL: SHOW COLUMNS FROM `wp_shop_order` [ RunTime:0.000557s ]
SQL: SELECT * FROM `wp_shop_order` WHERE ( `id` = 4 ) LIMIT 1   [ RunTime:0.000163s ]
NOTIC: [2] Attempt to assign property of non-object /www/weiphp/Addons/Shop/Controller/ShopController.class.php 第 337 行.

[ 2015-07-27T08:00:14+08:00 ] 192.168.1.105 /index.php?s=/addon/Shop/Shop/notify.html
SQL: SHOW COLUMNS FROM `wp_member` [ RunTime:0.001493s ]
SQL: SELECT * FROM `wp_member` WHERE ( `uid` = 1 ) LIMIT 1   [ RunTime:0.000333s ]
NOTIC: [8] Undefined index: uid /www/weiphp/ThinkPHP/Library/Think/Controller.class.php 第 140 行.
SQL: SELECT * FROM `wp_member_public_link` WHERE ( uid=1 ) ORDER BY is_use desc  [ RunTime:0.000207s ]
SQL: SELECT * FROM `wp_member_public` WHERE ( `id` IN ('107') ) ORDER BY FIND_IN_SET(id,"107")  [ RunTime:0.000173s ]
SQL: SHOW COLUMNS FROM `wp_addons` [ RunTime:0.000707s ]
SQL: SELECT * FROM `wp_addons` WHERE ( `name` = 'Shop' ) LIMIT 1   [ RunTime:0.000211s ]
NOTIC: [8] Undefined index: query /www/weiphp/ThinkPHP/Common/functions.php 第 787 行.
NOTIC: [8] Undefined index: query /www/weiphp/ThinkPHP/Common/functions.php 第 787 行.
SQL: SHOW COLUMNS FROM `wp_tongji` [ RunTime:0.000484s ]
SQL: SELECT * FROM `wp_tongji` WHERE ( `token` = 'gh_b6ff5c2aaf62' ) AND ( `day` = 20150727 ) LIMIT 1   [ RunTime:0.000278s ]
SQL: UPDATE `wp_tongji` SET `content`='a:1:{s:4:\"Shop\";i:19;}' WHERE ( `token` = 'gh_b6ff5c2aaf62' ) AND ( `day` = 20150727 ) [ RunTime:0.000174s ]
INFO: [ action_begin ] --START--
INFO: [ action_begin ] --END-- [ RunTime:-0.017379s ]
SQL: SELECT `public_name` FROM `wp_member_public` WHERE ( `token` = 'gh_b6ff5c2aaf62' ) LIMIT 1   [ RunTime:0.000283s ]
SQL: SELECT * FROM `wp_member_public` WHERE ( `token` = 'gh_b6ff5c2aaf62' ) LIMIT 1   [ RunTime:0.000179s ]
SQL: SELECT `addon_status` FROM `wp_member_public_link` WHERE ( `uid` = 1 ) AND ( `mp_id` = 107 ) LIMIT 1   [ RunTime:0.000189s ]
NOTIC: [8] Undefined variable: addons /www/weiphp/Application/Common/Common/function.php 第 465 行.
NOTIC: [8] Undefined variable: addons /www/weiphp/Application/Common/Common/function.php 第 465 行.
NOTIC: [8] Undefined variable: addons /www/weiphp/Application/Common/Common/function.php 第 465 行.
NOTIC: [8] Undefined variable: addons /www/weiphp/Application/Common/Common/function.php 第 465 行.
NOTIC: [8] Undefined variable: addons /www/weiphp/Application/Common/Common/function.php 第 465 行.
NOTIC: [8] Undefined variable: addons /www/weiphp/Application/Common/Common/function.php 第 465 行.
NOTIC: [8] Undefined variable: addons /www/weiphp/Application/Common/Common/function.php 第 465 行.
SQL: SELECT `addon_config` FROM `wp_member_public` WHERE ( `token` = 'gh_b6ff5c2aaf62' ) LIMIT 1   [ RunTime:0.000116s ]
SQL: SHOW COLUMNS FROM `wp_picture` [ RunTime:0.000672s ]
SQL: SELECT * FROM `wp_picture` WHERE ( `status` = 1 ) AND ( `id` = 373 ) LIMIT 1   [ RunTime:0.000145s ]
NOTIC: [8] Undefined index: background /www/weiphp/Addons/Shop/Controller/BaseController.class.php 第 53 行.
NOTIC: [8] Undefined index: uid /www/weiphp/ThinkPHP/Library/Think/Controller.class.php 第 140 行.
SQL: SELECT * FROM `wp_member_public_link` WHERE ( uid=1 ) ORDER BY is_use desc  [ RunTime:0.000134s ]
SQL: SELECT * FROM `wp_member_public` WHERE ( `id` IN ('107') ) ORDER BY FIND_IN_SET(id,"107")  [ RunTime:0.000146s ]
NOTIC: [8] Undefined index: id /www/weiphp/Addons/Shop/Controller/ShopController.class.php 第 331 行.
SQL: SHOW COLUMNS FROM `wp_shop_order` [ RunTime:0.000615s ]
SQL: SELECT * FROM `wp_shop_order` WHERE ( `id` = 4 ) LIMIT 1   [ RunTime:0.000139s ]
NOTIC: [2] Attempt to assign property of non-object /www/weiphp/Addons/Shop/Controller/ShopController.class.php 第 337 行.

[ 2015-07-27T08:00:19+08:00 ] 192.168.1.105 /index.php?s=/addon/Shop/Shop/notify.html
SQL: SHOW COLUMNS FROM `wp_member` [ RunTime:0.000841s ]
SQL: SELECT * FROM `wp_member` WHERE ( `uid` = 1 ) LIMIT 1   [ RunTime:0.000318s ]
NOTIC: [8] Undefined index: uid /www/weiphp/ThinkPHP/Library/Think/Controller.class.php 第 140 行.
SQL: SELECT * FROM `wp_member_public_link` WHERE ( uid=1 ) ORDER BY is_use desc  [ RunTime:0.000160s ]
SQL: SELECT * FROM `wp_member_public` WHERE ( `id` IN ('107') ) ORDER BY FIND_IN_SET(id,"107")  [ RunTime:0.000158s ]
SQL: SHOW COLUMNS FROM `wp_addons` [ RunTime:0.000819s ]
SQL: SELECT * FROM `wp_addons` WHERE ( `name` = 'Shop' ) LIMIT 1   [ RunTime:0.000419s ]
NOTIC: [8] Undefined index: query /www/weiphp/ThinkPHP/Common/functions.php 第 787 行.
NOTIC: [8] Undefined index: query /www/weiphp/ThinkPHP/Common/functions.php 第 787 行.
SQL: SHOW COLUMNS FROM `wp_tongji` [ RunTime:0.000544s ]
SQL: SELECT * FROM `wp_tongji` WHERE ( `token` = 'gh_b6ff5c2aaf62' ) AND ( `day` = 20150727 ) LIMIT 1   [ RunTime:0.000167s ]
SQL: UPDATE `wp_tongji` SET `content`='a:1:{s:4:\"Shop\";i:20;}' WHERE ( `token` = 'gh_b6ff5c2aaf62' ) AND ( `day` = 20150727 ) [ RunTime:0.000163s ]
INFO: [ action_begin ] --START--
INFO: [ action_begin ] --END-- [ RunTime:-0.016952s ]
SQL: SELECT `public_name` FROM `wp_member_public` WHERE ( `token` = 'gh_b6ff5c2aaf62' ) LIMIT 1   [ RunTime:0.000219s ]
SQL: SELECT * FROM `wp_member_public` WHERE ( `token` = 'gh_b6ff5c2aaf62' ) LIMIT 1   [ RunTime:0.000135s ]
SQL: SELECT `addon_status` FROM `wp_member_public_link` WHERE ( `uid` = 1 ) AND ( `mp_id` = 107 ) LIMIT 1   [ RunTime:0.000125s ]
NOTIC: [8] Undefined variable: addons /www/weiphp/Application/Common/Common/function.php 第 465 行.
NOTIC: [8] Undefined variable: addons /www/weiphp/Application/Common/Common/function.php 第 465 行.
NOTIC: [8] Undefined variable: addons /www/weiphp/Application/Common/Common/function.php 第 465 行.
NOTIC: [8] Undefined variable: addons /www/weiphp/Application/Common/Common/function.php 第 465 行.
NOTIC: [8] Undefined variable: addons /www/weiphp/Application/Common/Common/function.php 第 465 行.
NOTIC: [8] Undefined variable: addons /www/weiphp/Application/Common/Common/function.php 第 465 行.
NOTIC: [8] Undefined variable: addons /www/weiphp/Application/Common/Common/function.php 第 465 行.
SQL: SELECT `addon_config` FROM `wp_member_public` WHERE ( `token` = 'gh_b6ff5c2aaf62' ) LIMIT 1   [ RunTime:0.000115s ]
SQL: SHOW COLUMNS FROM `wp_picture` [ RunTime:0.001303s ]
SQL: SELECT * FROM `wp_picture` WHERE ( `status` = 1 ) AND ( `id` = 373 ) LIMIT 1   [ RunTime:0.000249s ]
NOTIC: [8] Undefined index: background /www/weiphp/Addons/Shop/Controller/BaseController.class.php 第 53 行.
NOTIC: [8] Undefined index: uid /www/weiphp/ThinkPHP/Library/Think/Controller.class.php 第 140 行.
SQL: SELECT * FROM `wp_member_public_link` WHERE ( uid=1 ) ORDER BY is_use desc  [ RunTime:0.000145s ]
SQL: SELECT * FROM `wp_member_public` WHERE ( `id` IN ('107') ) ORDER BY FIND_IN_SET(id,"107")  [ RunTime:0.000160s ]
NOTIC: [8] Undefined index: id /www/weiphp/Addons/Shop/Controller/ShopController.class.php 第 331 行.
SQL: SHOW COLUMNS FROM `wp_shop_order` [ RunTime:0.000710s ]
SQL: SELECT * FROM `wp_shop_order` WHERE ( `id` = 4 ) LIMIT 1   [ RunTime:0.000168s ]
NOTIC: [2] Attempt to assign property of non-object /www/weiphp/Addons/Shop/Controller/ShopController.class.php 第 337 行.

[ 2015-07-27T08:00:20+08:00 ] 192.168.1.105 /index.php?s=/addon/Shop/Shop/notify.html
SQL: SHOW COLUMNS FROM `wp_member` [ RunTime:0.000943s ]
SQL: SELECT * FROM `wp_member` WHERE ( `uid` = 1 ) LIMIT 1   [ RunTime:0.000253s ]
NOTIC: [8] Undefined index: uid /www/weiphp/ThinkPHP/Library/Think/Controller.class.php 第 140 行.
SQL: SELECT * FROM `wp_member_public_link` WHERE ( uid=1 ) ORDER BY is_use desc  [ RunTime:0.000186s ]
SQL: SELECT * FROM `wp_member_public` WHERE ( `id` IN ('107') ) ORDER BY FIND_IN_SET(id,"107")  [ RunTime:0.000315s ]
SQL: SHOW COLUMNS FROM `wp_addons` [ RunTime:0.001482s ]
SQL: SELECT * FROM `wp_addons` WHERE ( `name` = 'Shop' ) LIMIT 1   [ RunTime:0.000516s ]
NOTIC: [8] Undefined index: query /www/weiphp/ThinkPHP/Common/functions.php 第 787 行.
NOTIC: [8] Undefined index: query /www/weiphp/ThinkPHP/Common/functions.php 第 787 行.
SQL: SHOW COLUMNS FROM `wp_tongji` [ RunTime:0.001398s ]
SQL: SELECT * FROM `wp_tongji` WHERE ( `token` = 'gh_b6ff5c2aaf62' ) AND ( `day` = 20150727 ) LIMIT 1   [ RunTime:0.000259s ]
SQL: UPDATE `wp_tongji` SET `content`='a:1:{s:4:\"Shop\";i:21;}' WHERE ( `token` = 'gh_b6ff5c2aaf62' ) AND ( `day` = 20150727 ) [ RunTime:0.000290s ]
INFO: [ action_begin ] --START--
INFO: [ action_begin ] --END-- [ RunTime:-0.023452s ]
SQL: SELECT `public_name` FROM `wp_member_public` WHERE ( `token` = 'gh_b6ff5c2aaf62' ) LIMIT 1   [ RunTime:0.000189s ]
SQL: SELECT * FROM `wp_member_public` WHERE ( `token` = 'gh_b6ff5c2aaf62' ) LIMIT 1   [ RunTime:0.000136s ]
SQL: SELECT `addon_status` FROM `wp_member_public_link` WHERE ( `uid` = 1 ) AND ( `mp_id` = 107 ) LIMIT 1   [ RunTime:0.000122s ]
NOTIC: [8] Undefined variable: addons /www/weiphp/Application/Common/Common/function.php 第 465 行.
NOTIC: [8] Undefined variable: addons /www/weiphp/Application/Common/Common/function.php 第 465 行.
NOTIC: [8] Undefined variable: addons /www/weiphp/Application/Common/Common/function.php 第 465 行.
NOTIC: [8] Undefined variable: addons /www/weiphp/Application/Common/Common/function.php 第 465 行.
NOTIC: [8] Undefined variable: addons /www/weiphp/Application/Common/Common/function.php 第 465 行.
NOTIC: [8] Undefined variable: addons /www/weiphp/Application/Common/Common/function.php 第 465 行.
NOTIC: [8] Undefined variable: addons /www/weiphp/Application/Common/Common/function.php 第 465 行.
SQL: SELECT `addon_config` FROM `wp_member_public` WHERE ( `token` = 'gh_b6ff5c2aaf62' ) LIMIT 1   [ RunTime:0.000242s ]
SQL: SHOW COLUMNS FROM `wp_picture` [ RunTime:0.000797s ]
SQL: SELECT * FROM `wp_picture` WHERE ( `status` = 1 ) AND ( `id` = 373 ) LIMIT 1   [ RunTime:0.000162s ]
NOTIC: [8] Undefined index: background /www/weiphp/Addons/Shop/Controller/BaseController.class.php 第 53 行.
NOTIC: [8] Undefined index: uid /www/weiphp/ThinkPHP/Library/Think/Controller.class.php 第 140 行.
SQL: SELECT * FROM `wp_member_public_link` WHERE ( uid=1 ) ORDER BY is_use desc  [ RunTime:0.000131s ]
SQL: SELECT * FROM `wp_member_public` WHERE ( `id` IN ('107') ) ORDER BY FIND_IN_SET(id,"107")  [ RunTime:0.000154s ]
NOTIC: [8] Undefined index: id /www/weiphp/Addons/Shop/Controller/ShopController.class.php 第 331 行.
SQL: SHOW COLUMNS FROM `wp_shop_order` [ RunTime:0.000562s ]
SQL: SELECT * FROM `wp_shop_order` WHERE ( `id` = 4 ) LIMIT 1   [ RunTime:0.000143s ]
NOTIC: [2] Attempt to assign property of non-object /www/weiphp/Addons/Shop/Controller/ShopController.class.php 第 337 行.

[ 2015-07-27T08:00:20+08:00 ] 192.168.1.105 /index.php?s=/addon/Shop/Shop/notify.html
SQL: SHOW COLUMNS FROM `wp_member` [ RunTime:0.001126s ]
SQL: SELECT * FROM `wp_member` WHERE ( `uid` = 1 ) LIMIT 1   [ RunTime:0.000281s ]
NOTIC: [8] Undefined index: uid /www/weiphp/ThinkPHP/Library/Think/Controller.class.php 第 140 行.
SQL: SELECT * FROM `wp_member_public_link` WHERE ( uid=1 ) ORDER BY is_use desc  [ RunTime:0.000189s ]
SQL: SELECT * FROM `wp_member_public` WHERE ( `id` IN ('107') ) ORDER BY FIND_IN_SET(id,"107")  [ RunTime:0.000231s ]
SQL: SHOW COLUMNS FROM `wp_addons` [ RunTime:0.000940s ]
SQL: SELECT * FROM `wp_addons` WHERE ( `name` = 'Shop' ) LIMIT 1   [ RunTime:0.000408s ]
NOTIC: [8] Undefined index: query /www/weiphp/ThinkPHP/Common/functions.php 第 787 行.
NOTIC: [8] Undefined index: query /www/weiphp/ThinkPHP/Common/functions.php 第 787 行.
SQL: SHOW COLUMNS FROM `wp_tongji` [ RunTime:0.001026s ]
SQL: SELECT * FROM `wp_tongji` WHERE ( `token` = 'gh_b6ff5c2aaf62' ) AND ( `day` = 20150727 ) LIMIT 1   [ RunTime:0.000387s ]
SQL: UPDATE `wp_tongji` SET `content`='a:1:{s:4:\"Shop\";i:22;}' WHERE ( `token` = 'gh_b6ff5c2aaf62' ) AND ( `day` = 20150727 ) [ RunTime:0.000454s ]
INFO: [ action_begin ] --START--
INFO: [ action_begin ] --END-- [ RunTime:-0.025636s ]
SQL: SELECT `public_name` FROM `wp_member_public` WHERE ( `token` = 'gh_b6ff5c2aaf62' ) LIMIT 1   [ RunTime:0.000483s ]
SQL: SELECT * FROM `wp_member_public` WHERE ( `token` = 'gh_b6ff5c2aaf62' ) LIMIT 1   [ RunTime:0.000222s ]
SQL: SELECT `addon_status` FROM `wp_member_public_link` WHERE ( `uid` = 1 ) AND ( `mp_id` = 107 ) LIMIT 1   [ RunTime:0.000186s ]
NOTIC: [8] Undefined variable: addons /www/weiphp/Application/Common/Common/function.php 第 465 行.
NOTIC: [8] Undefined variable: addons /www/weiphp/Application/Common/Common/function.php 第 465 行.
NOTIC: [8] Undefined variable: addons /www/weiphp/Application/Common/Common/function.php 第 465 行.
NOTIC: [8] Undefined variable: addons /www/weiphp/Application/Common/Common/function.php 第 465 行.
NOTIC: [8] Undefined variable: addons /www/weiphp/Application/Common/Common/function.php 第 465 行.
NOTIC: [8] Undefined variable: addons /www/weiphp/Application/Common/Common/function.php 第 465 行.
NOTIC: [8] Undefined variable: addons /www/weiphp/Application/Common/Common/function.php 第 465 行.
SQL: SELECT `addon_config` FROM `wp_member_public` WHERE ( `token` = 'gh_b6ff5c2aaf62' ) LIMIT 1   [ RunTime:0.000304s ]
SQL: SHOW COLUMNS FROM `wp_picture` [ RunTime:0.001046s ]
SQL: SELECT * FROM `wp_picture` WHERE ( `status` = 1 ) AND ( `id` = 373 ) LIMIT 1   [ RunTime:0.000398s ]
NOTIC: [8] Undefined index: background /www/weiphp/Addons/Shop/Controller/BaseController.class.php 第 53 行.
NOTIC: [8] Undefined index: uid /www/weiphp/ThinkPHP/Library/Think/Controller.class.php 第 140 行.
SQL: SELECT * FROM `wp_member_public_link` WHERE ( uid=1 ) ORDER BY is_use desc  [ RunTime:0.000409s ]
SQL: SELECT * FROM `wp_member_public` WHERE ( `id` IN ('107') ) ORDER BY FIND_IN_SET(id,"107")  [ RunTime:0.000333s ]
NOTIC: [8] Undefined index: id /www/weiphp/Addons/Shop/Controller/ShopController.class.php 第 331 行.
SQL: SHOW COLUMNS FROM `wp_shop_order` [ RunTime:0.001433s ]
SQL: SELECT * FROM `wp_shop_order` WHERE ( `id` = 4 ) LIMIT 1   [ RunTime:0.000314s ]
NOTIC: [2] Attempt to assign property of non-object /www/weiphp/Addons/Shop/Controller/ShopController.class.php 第 337 行.

[ 2015-07-27T08:01:55+08:00 ] 192.168.1.105 /index.php?s=/addon/Shop/Shop/notify.html
SQL: SHOW COLUMNS FROM `wp_member` [ RunTime:0.001064s ]
SQL: SELECT * FROM `wp_member` WHERE ( `uid` = 1 ) LIMIT 1   [ RunTime:0.000219s ]
NOTIC: [8] Undefined index: uid /www/weiphp/ThinkPHP/Library/Think/Controller.class.php 第 140 行.
SQL: SELECT * FROM `wp_member_public_link` WHERE ( uid=1 ) ORDER BY is_use desc  [ RunTime:0.000133s ]
SQL: SELECT * FROM `wp_member_public` WHERE ( `id` IN ('107') ) ORDER BY FIND_IN_SET(id,"107")  [ RunTime:0.000165s ]
SQL: SHOW COLUMNS FROM `wp_addons` [ RunTime:0.001183s ]
SQL: SELECT * FROM `wp_addons` WHERE ( `name` = 'Shop' ) LIMIT 1   [ RunTime:0.000285s ]
NOTIC: [8] Undefined index: query /www/weiphp/ThinkPHP/Common/functions.php 第 787 行.
NOTIC: [8] Undefined index: query /www/weiphp/ThinkPHP/Common/functions.php 第 787 行.
SQL: SHOW COLUMNS FROM `wp_tongji` [ RunTime:0.000653s ]
SQL: SELECT * FROM `wp_tongji` WHERE ( `token` = 'gh_b6ff5c2aaf62' ) AND ( `day` = 20150727 ) LIMIT 1   [ RunTime:0.000173s ]
SQL: UPDATE `wp_tongji` SET `content`='a:1:{s:4:\"Shop\";i:23;}' WHERE ( `token` = 'gh_b6ff5c2aaf62' ) AND ( `day` = 20150727 ) [ RunTime:0.000176s ]
INFO: [ action_begin ] --START--
INFO: [ action_begin ] --END-- [ RunTime:-0.019979s ]
SQL: SELECT `public_name` FROM `wp_member_public` WHERE ( `token` = 'gh_b6ff5c2aaf62' ) LIMIT 1   [ RunTime:0.000254s ]
SQL: SELECT * FROM `wp_member_public` WHERE ( `token` = 'gh_b6ff5c2aaf62' ) LIMIT 1   [ RunTime:0.000145s ]
SQL: SELECT `addon_status` FROM `wp_member_public_link` WHERE ( `uid` = 1 ) AND ( `mp_id` = 107 ) LIMIT 1   [ RunTime:0.000130s ]
NOTIC: [8] Undefined variable: addons /www/weiphp/Application/Common/Common/function.php 第 465 行.
NOTIC: [8] Undefined variable: addons /www/weiphp/Application/Common/Common/function.php 第 465 行.
NOTIC: [8] Undefined variable: addons /www/weiphp/Application/Common/Common/function.php 第 465 行.
NOTIC: [8] Undefined variable: addons /www/weiphp/Application/Common/Common/function.php 第 465 行.
NOTIC: [8] Undefined variable: addons /www/weiphp/Application/Common/Common/function.php 第 465 行.
NOTIC: [8] Undefined variable: addons /www/weiphp/Application/Common/Common/function.php 第 465 行.
NOTIC: [8] Undefined variable: addons /www/weiphp/Application/Common/Common/function.php 第 465 行.
SQL: SELECT `addon_config` FROM `wp_member_public` WHERE ( `token` = 'gh_b6ff5c2aaf62' ) LIMIT 1   [ RunTime:0.000125s ]
SQL: SHOW COLUMNS FROM `wp_picture` [ RunTime:0.000709s ]
SQL: SELECT * FROM `wp_picture` WHERE ( `status` = 1 ) AND ( `id` = 373 ) LIMIT 1   [ RunTime:0.000157s ]
NOTIC: [8] Undefined index: background /www/weiphp/Addons/Shop/Controller/BaseController.class.php 第 53 行.
NOTIC: [8] Undefined index: uid /www/weiphp/ThinkPHP/Library/Think/Controller.class.php 第 140 行.
SQL: SELECT * FROM `wp_member_public_link` WHERE ( uid=1 ) ORDER BY is_use desc  [ RunTime:0.000142s ]
SQL: SELECT * FROM `wp_member_public` WHERE ( `id` IN ('107') ) ORDER BY FIND_IN_SET(id,"107")  [ RunTime:0.000156s ]
NOTIC: [8] Undefined index: id /www/weiphp/Addons/Shop/Controller/ShopController.class.php 第 331 行.
SQL: SHOW COLUMNS FROM `wp_shop_order` [ RunTime:0.000625s ]
SQL: SELECT * FROM `wp_shop_order` WHERE ( `id` = 4 ) LIMIT 1   [ RunTime:0.000148s ]
SQL: UPDATE `wp_shop_order` SET `user_id`=1,`product_field`='水果',`total_fee`=50,`ip`='192.168.1.106',`timestamp`=1437832405,`order_status`='paied',`userinfo`='{\"openid\":-1,\"nickname\":\"x\",\"phone\":\"c\",\"address\":\"d\",\"ctime\":\"2015-07-25 21:53:25\"}',`fid`=0,`count`=0,`title`='',`unit_price`=0 WHERE ( `id` = 4 ) [ RunTime:0.000191s ]
INFO: [ app_end ] --START--
INFO: Run Behavior\ShowPageTrace [ RunTime:0.000028s ]
INFO: [ app_end ] --END-- [ RunTime:0.000065s ]

